#
# A fatal error has been detected by the Java Runtime Environment:
#
#  SIGSEGV (0xb) at pc=0x00007f17a457305c, pid=2755, tid=139738867771136
#
# JRE version: Java(TM) SE Runtime Environment (8.0_20-b26) (build 1.8.0_20-b26)
# Java VM: Java HotSpot(TM) 64-Bit Server VM (25.20-b23 mixed mode linux-amd64 compressed oops)
# Problematic frame:
# V  [libjvm.so+0x7ee05c]  MachProjNode::bottom_type() const+0x1c
#
# Failed to write core dump. Core dumps have been disabled. To enable core dumping, try "ulimit -c unlimited" before starting Java again
#
# If you would like to submit a bug report, please visit:
#   http://bugreport.sun.com/bugreport/crash.jsp
#

---------------  T H R E A D  ---------------

Current thread (0x00007f179c0b8800):  JavaThread "C2 CompilerThread1" daemon [_thread_in_native, id=2772, stack(0x00007f177d832000,0x00007f177d933000)]

siginfo: si_signo: 11 (SIGSEGV), si_code: 128 (SI_KERNEL), si_addr: 0x0000000000000000

Registers:
RAX=0x00007f174829f888, RBX=0x00007f174829f820, RCX=0x00007f17558b9530, RDX=0x00000000000032e2
RSP=0x00007f177d92e440, RBP=0x00007f177d92e450, RSI=0x0000000000000000, RDI=0x000f7f174829f780
R8 =0x000000000000001a, R9 =0x0000000000000000, R10=0x0000000000000000, R11=0x0000000000000000
R12=0x0000000000000007, R13=0x00007f17a4cc5100, R14=0x0000000000000005, R15=0x00007f174829f820
RIP=0x00007f17a457305c, EFLAGS=0x0000000000010283, CSGSFS=0x0000000000000033, ERR=0x0000000000000000
  TRAPNO=0x000000000000000d

Top of Stack: (sp=0x00007f177d92e440)
0x00007f177d92e440:   00007f17a4cc5100 00007f17558d2c40
0x00007f177d92e450:   00007f177d92e4d0 00007f17a4183658
0x00007f177d92e460:   01007f177d92e490 00007f177d92fd60
0x00007f177d92e470:   00000222000e4e60 00007f175440e720
0x00007f177d92e480:   0000000100000005 ffffffff00000005
0x00007f177d92e490:   00007f1750009f00 00007f17558d2868
0x00007f177d92e4a0:   0000000000000000 00007f17a4cd01e0
0x00007f177d92e4b0:   0000000000002330 00000000000000a0
0x00007f177d92e4c0:   00007f177d92fe48 00007f177d92fe50
0x00007f177d92e4d0:   00007f177d92e740 00007f17a418710a
0x00007f177d92e4e0:   000000000000036f 00007f177d92e640
0x00007f177d92e4f0:   00007f177d92e520 00007f177d92e5e0
0x00007f177d92e500:   00007f177d92e6e0 00007f177d92e6b0
0x00007f177d92e510:   00007f177d92fd60 0000000a000007fc
0x00007f177d92e520:   00007f17a4c76270 00007f170000000c
0x00007f177d92e530:   00007f177d930be0 00007f177d92fd60
0x00007f177d92e540:   00007f1700000001 00007f173c72e000
0x00007f177d92e550:   00007f177d92e5c0 00007f17483e8a68
0x00007f177d92e560:   0b007f177d92e630 000000000000dbb0
0x00007f177d92e570:   00007f175493b0f0 00007f1754000020
0x00007f177d92e580:   000000000000dbb0 000000000000dbb0
0x00007f177d92e590:   00007f17544e5a40 00007f177d92e5d0
0x00007f177d92e5a0:   000000000000dbb0 00007f175493b0f0
0x00007f177d92e5b0:   0000000000000000 0000000000000b00
0x00007f177d92e5c0:   00007f177d92e620 00007f17a4662e8e
0x00007f177d92e5d0:   00007f1700000024 00007f17a47b0ec7
0x00007f177d92e5e0:   0000000000000009 00007f177d930be0
0x00007f177d92e5f0:   00007f1754ce3270 00007f175539a230
0x00007f177d92e600:   00007f1760020ae0 00007f1760024c90
0x00007f177d92e610:   00007f17549c0b80 00007f177d92fe90
0x00007f177d92e620:   00007f177d92fe70 00007f1700002330
0x00007f177d92e630:   00007f177d92e6b0 0000000000531238 

Instructions: (pc=0x00007f17a457305c)
0x00007f17a457303c:   ff e3 66 90 55 48 89 e5 53 48 89 fb 48 83 ec 08
0x00007f17a457304c:   81 7f 60 e7 03 00 00 74 2b 48 8b 47 08 48 8b 38
0x00007f17a457305c:   48 8b 07 ff 50 28 83 78 10 08 74 30 8b 53 60 48
0x00007f17a457306c:   8b 05 e6 29 72 00 48 8b 04 d0 48 83 c4 08 5b c9 

Register to memory mapping:

RAX=0x00007f174829f888 is an unknown value
RBX=0x00007f174829f820 is an unknown value
RCX=0x00007f17558b9530 is an unknown value
RDX=0x00000000000032e2 is an unknown value
RSP=0x00007f177d92e440 is pointing into the stack for thread: 0x00007f179c0b8800
RBP=0x00007f177d92e450 is pointing into the stack for thread: 0x00007f179c0b8800
RSI=0x0000000000000000 is an unknown value
RDI=0x000f7f174829f780 is an unknown value
R8 =0x000000000000001a is an unknown value
R9 =0x0000000000000000 is an unknown value
R10=0x0000000000000000 is an unknown value
R11=0x0000000000000000 is an unknown value
R12=0x0000000000000007 is an unknown value
R13=0x00007f17a4cc5100: <offset 0xf40100> in /usr/lib/jvm/java-8-oracle/jre/lib/amd64/server/libjvm.so at 0x00007f17a3d85000
R14=0x0000000000000005 is an unknown value
R15=0x00007f174829f820 is an unknown value


Stack: [0x00007f177d832000,0x00007f177d933000],  sp=0x00007f177d92e440,  free space=1009k
Native frames: (J=compiled Java code, j=interpreted, Vv=VM code, C=native code)
V  [libjvm.so+0x7ee05c]  MachProjNode::bottom_type() const+0x1c
V  [libjvm.so+0x3fe658]  PhaseChaitin::gather_lrg_masks(bool)+0x148
V  [libjvm.so+0x40210a]  PhaseChaitin::Register_Allocate()+0xeaa
V  [libjvm.so+0x490000]  Compile::Code_Gen()+0x270
V  [libjvm.so+0x493404]  Compile::Compile(ciEnv*, C2Compiler*, ciMethod*, int, bool, bool, bool)+0x14a4
V  [libjvm.so+0x3e67e8]  C2Compiler::compile_method(ciEnv*, ciMethod*, int)+0x198
V  [libjvm.so+0x49ba4a]  CompileBroker::invoke_compiler_on_method(CompileTask*)+0xc8a
V  [libjvm.so+0x49e420]  CompileBroker::compiler_thread_loop()+0x620
V  [libjvm.so+0xa2990f]  JavaThread::thread_main_inner()+0xdf
V  [libjvm.so+0xa29a3c]  JavaThread::run()+0x11c
V  [libjvm.so+0x8e75f8]  java_start(Thread*)+0x108
C  [libpthread.so.0+0x8182]  start_thread+0xc2


Current CompileTask:
C2:   7685 1657       4       java.net.URLClassLoader$1::run (5 bytes)


---------------  P R O C E S S  ---------------

Java Threads: ( => current thread )
  0x00007f173c28f000 JavaThread "process reaper" daemon [_thread_blocked, id=2790, stack(0x00007f172fa94000,0x00007f172facd000)]
  0x00007f173c00e800 JavaThread "Stdin handler" [_thread_blocked, id=2782, stack(0x00007f177c02c000,0x00007f177c12d000)]
  0x00007f173c003000 JavaThread "Handler for socket connection at /127.0.0.1:47340 with /127.0.0.1:36665" [_thread_in_native, id=2779, stack(0x00007f177c32d000,0x00007f177c42e000)]
  0x00007f173802c000 JavaThread "Daemon" [_thread_in_Java, id=2778, stack(0x00007f177c42e000,0x00007f177c52f000)]
  0x00007f179cb35800 JavaThread "Incoming local TCP Connector on port 47340" [_thread_in_native, id=2777, stack(0x00007f177c52f000,0x00007f177c630000)]
  0x00007f179c0c2000 JavaThread "Service Thread" daemon [_thread_blocked, id=2775, stack(0x00007f177d52f000,0x00007f177d630000)]
  0x00007f179c0bd000 JavaThread "C1 CompilerThread3" daemon [_thread_blocked, id=2774, stack(0x00007f177d630000,0x00007f177d731000)]
  0x00007f179c0ba800 JavaThread "C2 CompilerThread2" daemon [_thread_blocked, id=2773, stack(0x00007f177d731000,0x00007f177d832000)]
=>0x00007f179c0b8800 JavaThread "C2 CompilerThread1" daemon [_thread_in_native, id=2772, stack(0x00007f177d832000,0x00007f177d933000)]
  0x00007f179c0b5800 JavaThread "C2 CompilerThread0" daemon [_thread_blocked, id=2771, stack(0x00007f177d933000,0x00007f177da34000)]
  0x00007f179c0b3800 JavaThread "Signal Dispatcher" daemon [_thread_blocked, id=2770, stack(0x00007f177da34000,0x00007f177db35000)]
  0x00007f179c084000 JavaThread "Finalizer" daemon [_thread_blocked, id=2768, stack(0x00007f177ddfe000,0x00007f177deff000)]
  0x00007f179c082000 JavaThread "Reference Handler" daemon [_thread_blocked, id=2767, stack(0x00007f177deff000,0x00007f177e000000)]
  0x00007f179c00a000 JavaThread "main" [_thread_blocked, id=2756, stack(0x00007f17a5802000,0x00007f17a5903000)]

Other Threads:
  0x00007f179c07b000 VMThread [stack: 0x00007f178c0f1000,0x00007f178c1f2000] [id=2766]
  0x00007f179c0c4800 WatcherThread [stack: 0x00007f177d42e000,0x00007f177d52f000] [id=2776]

VM state:not at safepoint (normal execution)

VM Mutex/Monitor currently owned by a thread: None

Heap:
 PSYoungGen      total 71168K, used 44435K [0x00000000eab00000, 0x00000000f3500000, 0x0000000100000000)
  eden space 62464K, 64% used [0x00000000eab00000,0x00000000ed216df8,0x00000000ee800000)
  from space 8704K, 50% used [0x00000000ee800000,0x00000000eec4e180,0x00000000ef080000)
  to   space 8192K, 0% used [0x00000000f2d00000,0x00000000f2d00000,0x00000000f3500000)
 ParOldGen       total 42496K, used 10014K [0x00000000c0000000, 0x00000000c2980000, 0x00000000eab00000)
  object space 42496K, 23% used [0x00000000c0000000,0x00000000c09c7868,0x00000000c2980000)
 Metaspace       used 18500K, capacity 18996K, committed 19328K, reserved 1067008K
  class space    used 2486K, capacity 2630K, committed 2688K, reserved 1048576K

Card table byte_map: [0x00007f17a2424000,0x00007f17a2625000] byte_map_base: 0x00007f17a1e24000

Marking Bits: (ParMarkBitMap*) 0x00007f17a4cdcac0
 Begin Bits: [0x00007f177e000000, 0x00007f177f000000)
 End Bits:   [0x00007f177f000000, 0x00007f1780000000)

Polling page: 0x00007f17a5923000

CodeCache: size=245760Kb used=7014Kb max_used=7025Kb free=238745Kb
 bounds [0x00007f178d000000, 0x00007f178d6f0000, 0x00007f179c000000]
 total_blobs=2217 nmethods=1871 adapters=261
 compilation: enabled

Compilation events (10 events):
Event: 7.608 Thread 0x00007f179c0bd000 1869       3       com.google.common.collect.MapMakerInternalMap$Segment::copyEntry (81 bytes)
Event: 7.609 Thread 0x00007f179c0bd000 nmethod 1869 0x00007f178d6d9fd0 code [0x00007f178d6da1c0, 0x00007f178d6da968]
Event: 7.609 Thread 0x00007f179c0bd000 1870       3       com.google.common.collect.MapMakerInternalMap$EntryFactory::copyEntry (19 bytes)
Event: 7.609 Thread 0x00007f179c0bd000 nmethod 1870 0x00007f178d6d8e10 code [0x00007f178d6d8fa0, 0x00007f178d6d9368]
Event: 7.614 Thread 0x00007f179c0b5800 1871       4       java.util.regex.Pattern$Branch::match (66 bytes)
Event: 7.620 Thread 0x00007f179c0b5800 nmethod 1871 0x00007f178d6deb50 code [0x00007f178d6decc0, 0x00007f178d6def78]
Event: 7.650 Thread 0x00007f179c0bd000 1872       1       com.google.common.collect.MapMakerInternalMap$2::offer (2 bytes)
Event: 7.650 Thread 0x00007f179c0bd000 nmethod 1872 0x00007f178d6d8b50 code [0x00007f178d6d8ca0, 0x00007f178d6d8db0]
Event: 7.656 Thread 0x00007f179c0b5800 1873       4       java.util.concurrent.atomic.AtomicReferenceArray::get (10 bytes)
Event: 7.658 Thread 0x00007f179c0b5800 nmethod 1873 0x00007f178d6dcbd0 code [0x00007f178d6dcd20, 0x00007f178d6dcdb8]

GC Heap History (10 events):
Event: 1.433 GC heap before
{Heap before GC invocations=3 (full 0):
 PSYoungGen      total 18432K, used 18409K [0x00000000eab00000, 0x00000000ecf00000, 0x0000000100000000)
  eden space 15872K, 99% used [0x00000000eab00000,0x00000000eba7f848,0x00000000eba80000)
  from space 2560K, 99% used [0x00000000ebd00000,0x00000000ebf7ad38,0x00000000ebf80000)
  to   space 2560K, 0% used [0x00000000eba80000,0x00000000eba80000,0x00000000ebd00000)
 ParOldGen       total 42496K, used 722K [0x00000000c0000000, 0x00000000c2980000, 0x00000000eab00000)
  object space 42496K, 1% used [0x00000000c0000000,0x00000000c00b4850,0x00000000c2980000)
 Metaspace       used 9499K, capacity 9832K, committed 10112K, reserved 1058816K
  class space    used 1273K, capacity 1358K, committed 1408K, reserved 1048576K
Event: 1.443 GC heap after
Heap after GC invocations=3 (full 0):
 PSYoungGen      total 18432K, used 2546K [0x00000000eab00000, 0x00000000ecf00000, 0x0000000100000000)
  eden space 15872K, 0% used [0x00000000eab00000,0x00000000eab00000,0x00000000eba80000)
  from space 2560K, 99% used [0x00000000eba80000,0x00000000ebcfcb70,0x00000000ebd00000)
  to   space 2560K, 0% used [0x00000000ecc80000,0x00000000ecc80000,0x00000000ecf00000)
 ParOldGen       total 42496K, used 2256K [0x00000000c0000000, 0x00000000c2980000, 0x00000000eab00000)
  object space 42496K, 5% used [0x00000000c0000000,0x00000000c0234148,0x00000000c2980000)
 Metaspace       used 9499K, capacity 9832K, committed 10112K, reserved 1058816K
  class space    used 1273K, capacity 1358K, committed 1408K, reserved 1048576K
}
Event: 2.436 GC heap before
{Heap before GC invocations=4 (full 0):
 PSYoungGen      total 18432K, used 18418K [0x00000000eab00000, 0x00000000ecf00000, 0x0000000100000000)
  eden space 15872K, 100% used [0x00000000eab00000,0x00000000eba80000,0x00000000eba80000)
  from space 2560K, 99% used [0x00000000eba80000,0x00000000ebcfcb70,0x00000000ebd00000)
  to   space 2560K, 0% used [0x00000000ecc80000,0x00000000ecc80000,0x00000000ecf00000)
 ParOldGen       total 42496K, used 2256K [0x00000000c0000000, 0x00000000c2980000, 0x00000000eab00000)
  object space 42496K, 5% used [0x00000000c0000000,0x00000000c0234148,0x00000000c2980000)
 Metaspace       used 10183K, capacity 10548K, committed 10752K, reserved 1058816K
  class space    used 1384K, capacity 1490K, committed 1536K, reserved 1048576K
Event: 2.442 GC heap after
Heap after GC invocations=4 (full 0):
 PSYoungGen      total 34304K, used 2532K [0x00000000eab00000, 0x00000000ecf00000, 0x0000000100000000)
  eden space 31744K, 0% used [0x00000000eab00000,0x00000000eab00000,0x00000000eca00000)
  from space 2560K, 98% used [0x00000000ecc80000,0x00000000ecef9080,0x00000000ecf00000)
  to   space 2560K, 0% used [0x00000000eca00000,0x00000000eca00000,0x00000000ecc80000)
 ParOldGen       total 42496K, used 3827K [0x00000000c0000000, 0x00000000c2980000, 0x00000000eab00000)
  object space 42496K, 9% used [0x00000000c0000000,0x00000000c03bce20,0x00000000c2980000)
 Metaspace       used 10183K, capacity 10548K, committed 10752K, reserved 1058816K
  class space    used 1384K, capacity 1490K, committed 1536K, reserved 1048576K
}
Event: 5.108 GC heap before
{Heap before GC invocations=5 (full 0):
 PSYoungGen      total 34304K, used 34276K [0x00000000eab00000, 0x00000000ecf00000, 0x0000000100000000)
  eden space 31744K, 100% used [0x00000000eab00000,0x00000000eca00000,0x00000000eca00000)
  from space 2560K, 98% used [0x00000000ecc80000,0x00000000ecef9080,0x00000000ecf00000)
  to   space 2560K, 0% used [0x00000000eca00000,0x00000000eca00000,0x00000000ecc80000)
 ParOldGen       total 42496K, used 3827K [0x00000000c0000000, 0x00000000c2980000, 0x00000000eab00000)
  object space 42496K, 9% used [0x00000000c0000000,0x00000000c03bce20,0x00000000c2980000)
 Metaspace       used 15204K, capacity 15708K, committed 15872K, reserved 1062912K
  class space    used 2089K, capacity 2242K, committed 2304K, reserved 1048576K
Event: 5.147 GC heap after
Heap after GC invocations=5 (full 0):
 PSYoungGen      total 34304K, used 2529K [0x00000000eab00000, 0x00000000ef800000, 0x0000000100000000)
  eden space 31744K, 0% used [0x00000000eab00000,0x00000000eab00000,0x00000000eca00000)
  from space 2560K, 98% used [0x00000000eca00000,0x00000000ecc78560,0x00000000ecc80000)
  to   space 7680K, 0% used [0x00000000ef080000,0x00000000ef080000,0x00000000ef800000)
 ParOldGen       total 42496K, used 9143K [0x00000000c0000000, 0x00000000c2980000, 0x00000000eab00000)
  object space 42496K, 21% used [0x00000000c0000000,0x00000000c08edd58,0x00000000c2980000)
 Metaspace       used 15204K, capacity 15708K, committed 15872K, reserved 1062912K
  class space    used 2089K, capacity 2242K, committed 2304K, reserved 1048576K
}
Event: 6.815 GC heap before
{Heap before GC invocations=6 (full 0):
 PSYoungGen      total 34304K, used 34273K [0x00000000eab00000, 0x00000000ef800000, 0x0000000100000000)
  eden space 31744K, 100% used [0x00000000eab00000,0x00000000eca00000,0x00000000eca00000)
  from space 2560K, 98% used [0x00000000eca00000,0x00000000ecc78560,0x00000000ecc80000)
  to   space 7680K, 0% used [0x00000000ef080000,0x00000000ef080000,0x00000000ef800000)
 ParOldGen       total 42496K, used 9143K [0x00000000c0000000, 0x00000000c2980000, 0x00000000eab00000)
  object space 42496K, 21% used [0x00000000c0000000,0x00000000c08edd58,0x00000000c2980000)
 Metaspace       used 18317K, capacity 18804K, committed 19072K, reserved 1064960K
  class space    used 2482K, capacity 2630K, committed 2688K, reserved 1048576K
Event: 6.849 GC heap after
Heap after GC invocations=6 (full 0):
 PSYoungGen      total 70144K, used 7030K [0x00000000eab00000, 0x00000000efa00000, 0x0000000100000000)
  eden space 62464K, 0% used [0x00000000eab00000,0x00000000eab00000,0x00000000ee800000)
  from space 7680K, 91% used [0x00000000ef080000,0x00000000ef75db90,0x00000000ef800000)
  to   space 8704K, 0% used [0x00000000ee800000,0x00000000ee800000,0x00000000ef080000)
 ParOldGen       total 42496K, used 9151K [0x00000000c0000000, 0x00000000c2980000, 0x00000000eab00000)
  object space 42496K, 21% used [0x00000000c0000000,0x00000000c08efd58,0x00000000c2980000)
 Metaspace       used 18317K, capacity 18804K, committed 19072K, reserved 1064960K
  class space    used 2482K, capacity 2630K, committed 2688K, reserved 1048576K
}
Event: 7.442 GC heap before
{Heap before GC invocations=7 (full 0):
 PSYoungGen      total 70144K, used 69494K [0x00000000eab00000, 0x00000000efa00000, 0x0000000100000000)
  eden space 62464K, 100% used [0x00000000eab00000,0x00000000ee800000,0x00000000ee800000)
  from space 7680K, 91% used [0x00000000ef080000,0x00000000ef75db90,0x00000000ef800000)
  to   space 8704K, 0% used [0x00000000ee800000,0x00000000ee800000,0x00000000ef080000)
 ParOldGen       total 42496K, used 9151K [0x00000000c0000000, 0x00000000c2980000, 0x00000000eab00000)
  object space 42496K, 21% used [0x00000000c0000000,0x00000000c08efd58,0x00000000c2980000)
 Metaspace       used 18499K, capacity 18996K, committed 19328K, reserved 1067008K
  class space    used 2486K, capacity 2630K, committed 2688K, reserved 1048576K
Event: 7.461 GC heap after
Heap after GC invocations=7 (full 0):
 PSYoungGen      total 71168K, used 4408K [0x00000000eab00000, 0x00000000f3500000, 0x0000000100000000)
  eden space 62464K, 0% used [0x00000000eab00000,0x00000000eab00000,0x00000000ee800000)
  from space 8704K, 50% used [0x00000000ee800000,0x00000000eec4e180,0x00000000ef080000)
  to   space 8192K, 0% used [0x00000000f2d00000,0x00000000f2d00000,0x00000000f3500000)
 ParOldGen       total 42496K, used 10014K [0x00000000c0000000, 0x00000000c2980000, 0x00000000eab00000)
  object space 42496K, 23% used [0x00000000c0000000,0x00000000c09c7868,0x00000000c2980000)
 Metaspace       used 18499K, capacity 18996K, committed 19328K, reserved 1067008K
  class space    used 2486K, capacity 2630K, committed 2688K, reserved 1048576K
}

Deoptimization events (10 events):
Event: 3.956 Thread 0x00007f173802c000 Uncommon trap: reason=bimorphic action=maybe_recompile pc=0x00007f178d34d32c method=java.util.HashMap.putVal(ILjava/lang/Object;Ljava/lang/Object;ZZ)Ljava/lang/Object; @ 203
Event: 4.526 Thread 0x00007f173802c000 Uncommon trap: reason=bimorphic action=maybe_recompile pc=0x00007f178d34d32c method=java.util.HashMap.putVal(ILjava/lang/Object;Ljava/lang/Object;ZZ)Ljava/lang/Object; @ 203
Event: 4.526 Thread 0x00007f173802c000 Uncommon trap: reason=bimorphic action=maybe_recompile pc=0x00007f178d34d32c method=java.util.HashMap.putVal(ILjava/lang/Object;Ljava/lang/Object;ZZ)Ljava/lang/Object; @ 203
Event: 4.529 Thread 0x00007f173802c000 Uncommon trap: reason=unreached action=reinterpret pc=0x00007f178d255d2c method=java.lang.ThreadLocal$ThreadLocalMap.getEntry(Ljava/lang/ThreadLocal;)Ljava/lang/ThreadLocal$ThreadLocalMap$Entry; @ 29
Event: 4.551 Thread 0x00007f173802c000 Uncommon trap: reason=class_check action=maybe_recompile pc=0x00007f178d405560 method=org.gradle.internal.service.DefaultServiceRegistry$SingletonService.getService(Lorg/gradle/internal/service/DefaultServiceRegistry$LookupContext;Lorg/gradle/internal/ser
Event: 4.551 Thread 0x00007f173802c000 Uncommon trap: reason=class_check action=maybe_recompile pc=0x00007f178d405560 method=org.gradle.internal.service.DefaultServiceRegistry$SingletonService.getService(Lorg/gradle/internal/service/DefaultServiceRegistry$LookupContext;Lorg/gradle/internal/ser
Event: 4.551 Thread 0x00007f173802c000 Uncommon trap: reason=class_check action=maybe_recompile pc=0x00007f178d405560 method=org.gradle.internal.service.DefaultServiceRegistry$SingletonService.getService(Lorg/gradle/internal/service/DefaultServiceRegistry$LookupContext;Lorg/gradle/internal/ser
Event: 4.551 Thread 0x00007f173802c000 Uncommon trap: reason=class_check action=maybe_recompile pc=0x00007f178d405560 method=org.gradle.internal.service.DefaultServiceRegistry$SingletonService.getService(Lorg/gradle/internal/service/DefaultServiceRegistry$LookupContext;Lorg/gradle/internal/ser
Event: 4.561 Thread 0x00007f173802c000 Uncommon trap: reason=bimorphic action=maybe_recompile pc=0x00007f178d34d32c method=java.util.HashMap.putVal(ILjava/lang/Object;Ljava/lang/Object;ZZ)Ljava/lang/Object; @ 203
Event: 5.172 Thread 0x00007f173802c000 Uncommon trap: reason=bimorphic action=maybe_recompile pc=0x00007f178d32bebc method=java.util.HashMap.putVal(ILjava/lang/Object;Ljava/lang/Object;ZZ)Ljava/lang/Object; @ 203

Internal exceptions (10 events):
Event: 7.678 Thread 0x00007f173802c000 Exception <a 'java/security/PrivilegedActionException'> (0x00000000ed0403b0) thrown at [/HUDSON/workspace/8-2-build-linux-amd64/jdk8u20/1074/hotspot/src/share/vm/prims/jvm.cpp, line 1275]
Event: 7.679 Thread 0x00007f173802c000 Exception <a 'java/security/PrivilegedActionException'> (0x00000000ed0416c0) thrown at [/HUDSON/workspace/8-2-build-linux-amd64/jdk8u20/1074/hotspot/src/share/vm/prims/jvm.cpp, line 1275]
Event: 7.679 Thread 0x00007f173802c000 Exception <a 'java/security/PrivilegedActionException'> (0x00000000ed0428d0) thrown at [/HUDSON/workspace/8-2-build-linux-amd64/jdk8u20/1074/hotspot/src/share/vm/prims/jvm.cpp, line 1275]
Event: 7.679 Thread 0x00007f173802c000 Exception <a 'java/security/PrivilegedActionException'> (0x00000000ed04b070) thrown at [/HUDSON/workspace/8-2-build-linux-amd64/jdk8u20/1074/hotspot/src/share/vm/prims/jvm.cpp, line 1275]
Event: 7.679 Thread 0x00007f173802c000 Exception <a 'java/security/PrivilegedActionException'> (0x00000000ed050ba0) thrown at [/HUDSON/workspace/8-2-build-linux-amd64/jdk8u20/1074/hotspot/src/share/vm/prims/jvm.cpp, line 1275]
Event: 7.679 Thread 0x00007f173802c000 Exception <a 'java/security/PrivilegedActionException'> (0x00000000ed05a630) thrown at [/HUDSON/workspace/8-2-build-linux-amd64/jdk8u20/1074/hotspot/src/share/vm/prims/jvm.cpp, line 1275]
Event: 7.679 Thread 0x00007f173802c000 Exception <a 'java/security/PrivilegedActionException'> (0x00000000ed05c190) thrown at [/HUDSON/workspace/8-2-build-linux-amd64/jdk8u20/1074/hotspot/src/share/vm/prims/jvm.cpp, line 1275]
Event: 7.679 Thread 0x00007f173802c000 Exception <a 'java/security/PrivilegedActionException'> (0x00000000ed05d580) thrown at [/HUDSON/workspace/8-2-build-linux-amd64/jdk8u20/1074/hotspot/src/share/vm/prims/jvm.cpp, line 1275]
Event: 7.679 Thread 0x00007f173802c000 Exception <a 'java/security/PrivilegedActionException'> (0x00000000ed05ea50) thrown at [/HUDSON/workspace/8-2-build-linux-amd64/jdk8u20/1074/hotspot/src/share/vm/prims/jvm.cpp, line 1275]
Event: 7.679 Thread 0x00007f173802c000 Exception <a 'java/security/PrivilegedActionException'> (0x00000000ed05fc60) thrown at [/HUDSON/workspace/8-2-build-linux-amd64/jdk8u20/1074/hotspot/src/share/vm/prims/jvm.cpp, line 1275]

Events (10 events):
Event: 7.678 loading class org/gradle/language/jvm/tasks/org$gradle$initialization$InitScript
Event: 7.678 loading class org/gradle/language/jvm/tasks/org$gradle$initialization$InitScript done
Event: 7.678 loading class org/gradle/language/jvm/tasks/org$gradle$initialization$InitScript
Event: 7.678 loading class org/gradle/language/jvm/tasks/org$gradle$initialization$InitScript done
Event: 7.678 loading class org/gradle/language/jvm/tasks/org$gradle$initialization$InitScript
Event: 7.678 loading class org/gradle/language/jvm/tasks/org$gradle$initialization$InitScript done
Event: 7.679 loading class org/gradle/language/jvm/tasks/org/gradle$initialization$InitScript
Event: 7.679 loading class org/gradle/language/jvm/tasks/org/gradle$initialization$InitScript done
Event: 7.679 loading class org/gradle/language/jvm/tasks/org/gradle$initialization$InitScript
Event: 7.679 loading class org/gradle/language/jvm/tasks/org/gradle$initialization$InitScript done


Dynamic libraries:
00400000-00401000 r-xp 00000000 08:06 3950979                            /usr/lib/jvm/java-8-oracle/bin/java
00600000-00601000 rw-p 00000000 08:06 3950979                            /usr/lib/jvm/java-8-oracle/bin/java
01ba7000-01bc8000 rw-p 00000000 00:00 0                                  [heap]
c0000000-c2980000 rw-p 00000000 00:00 0 
c2980000-eab00000 ---p 00000000 00:00 0 
eab00000-f3500000 rw-p 00000000 00:00 0 
f3500000-100000000 ---p 00000000 00:00 0 
100000000-1002a0000 rw-p 00000000 00:00 0 
1002a0000-140000000 ---p 00000000 00:00 0 
7f1728000000-7f1728021000 rw-p 00000000 00:00 0 
7f1728021000-7f172c000000 ---p 00000000 00:00 0 
7f172f694000-7f172f6d4000 rw-p 00000000 00:00 0 
7f172f6d4000-7f172f894000 ---p 00000000 00:00 0 
7f172f894000-7f172fa94000 rw-p 00000000 00:00 0 
7f172fa94000-7f172fa97000 ---p 00000000 00:00 0 
7f172fa97000-7f172facd000 rw-p 00000000 00:00 0                          [stack:2790]
7f172facd000-7f172fb87000 r--s 00fb5000 08:06 3298584                    /home/tim/Downloads/android-studio/lib/openapi.jar
7f172fb87000-7f172fd87000 rw-p 00000000 00:00 0 
7f172fd87000-7f172ff87000 rw-p 00000000 00:00 0 
7f172ff87000-7f1730000000 r--s 010df000 08:06 3834061                    /usr/lib/jvm/java-8-oracle/lib/tools.jar
7f1730000000-7f1730021000 rw-p 00000000 00:00 0 
7f1730021000-7f1734000000 ---p 00000000 00:00 0 
7f1734000000-7f1734021000 rw-p 00000000 00:00 0 
7f1734021000-7f1738000000 ---p 00000000 00:00 0 
7f1738000000-7f1738030000 rw-p 00000000 00:00 0 
7f1738030000-7f173c000000 ---p 00000000 00:00 0 
7f173c000000-7f173ca62000 rw-p 00000000 00:00 0 
7f173ca62000-7f1740000000 ---p 00000000 00:00 0 
7f1740000000-7f1740021000 rw-p 00000000 00:00 0 
7f1740021000-7f1744000000 ---p 00000000 00:00 0 
7f1744000000-7f1744021000 rw-p 00000000 00:00 0 
7f1744021000-7f1748000000 ---p 00000000 00:00 0 
7f1748000000-7f1748ea4000 rw-p 00000000 00:00 0 
7f1748ea4000-7f174c000000 ---p 00000000 00:00 0 
7f174c000000-7f174ca4e000 rw-p 00000000 00:00 0 
7f174ca4e000-7f1750000000 ---p 00000000 00:00 0 
7f1750000000-7f1750f36000 rw-p 00000000 00:00 0 
7f1750f36000-7f1754000000 ---p 00000000 00:00 0 
7f1754000000-7f1755c13000 rw-p 00000000 00:00 0 
7f1755c13000-7f1758000000 ---p 00000000 00:00 0 
7f1758000000-7f1758021000 rw-p 00000000 00:00 0 
7f1758021000-7f175c000000 ---p 00000000 00:00 0 
7f175c000000-7f175c021000 rw-p 00000000 00:00 0 
7f175c021000-7f1760000000 ---p 00000000 00:00 0 
7f1760000000-7f1760031000 rw-p 00000000 00:00 0 
7f1760031000-7f1764000000 ---p 00000000 00:00 0 
7f1764000000-7f1764021000 rw-p 00000000 00:00 0 
7f1764021000-7f1768000000 ---p 00000000 00:00 0 
7f1768000000-7f1768021000 rw-p 00000000 00:00 0 
7f1768021000-7f176c000000 ---p 00000000 00:00 0 
7f176c000000-7f176c021000 rw-p 00000000 00:00 0 
7f176c021000-7f1770000000 ---p 00000000 00:00 0 
7f1770000000-7f1770021000 rw-p 00000000 00:00 0 
7f1770021000-7f1774000000 ---p 00000000 00:00 0 
7f1774000000-7f1774021000 rw-p 00000000 00:00 0 
7f1774021000-7f1778000000 ---p 00000000 00:00 0 
7f1778000000-7f1778021000 rw-p 00000000 00:00 0 
7f1778021000-7f177c000000 ---p 00000000 00:00 0 
7f177c004000-7f177c02c000 r--s 001cf000 08:06 1215525                    /home/tim/Downloads/android-studio/plugins/gradle/lib/guava-jdk5-17.0.jar
7f177c02c000-7f177c02f000 ---p 00000000 00:00 0 
7f177c02f000-7f177c32d000 rw-p 00000000 00:00 0                          [stack:2782]
7f177c32d000-7f177c330000 ---p 00000000 00:00 0 
7f177c330000-7f177c42e000 rw-p 00000000 00:00 0                          [stack:2779]
7f177c42e000-7f177c431000 ---p 00000000 00:00 0 
7f177c431000-7f177c52f000 rw-p 00000000 00:00 0                          [stack:2778]
7f177c52f000-7f177c532000 ---p 00000000 00:00 0 
7f177c532000-7f177c630000 rw-p 00000000 00:00 0                          [stack:2777]
7f177c630000-7f177c641000 r-xp 00000000 08:06 3559477                    /usr/lib/jvm/java-8-oracle/jre/lib/amd64/libnio.so
7f177c641000-7f177c840000 ---p 00011000 08:06 3559477                    /usr/lib/jvm/java-8-oracle/jre/lib/amd64/libnio.so
7f177c840000-7f177c841000 rw-p 00010000 08:06 3559477                    /usr/lib/jvm/java-8-oracle/jre/lib/amd64/libnio.so
7f177c841000-7f177c857000 r-xp 00000000 08:06 3559496                    /usr/lib/jvm/java-8-oracle/jre/lib/amd64/libnet.so
7f177c857000-7f177ca57000 ---p 00016000 08:06 3559496                    /usr/lib/jvm/java-8-oracle/jre/lib/amd64/libnet.so
7f177ca57000-7f177ca58000 rw-p 00016000 08:06 3559496                    /usr/lib/jvm/java-8-oracle/jre/lib/amd64/libnet.so
7f177ca58000-7f177ca6e000 r-xp 00000000 08:06 1835669                    /lib/x86_64-linux-gnu/libgcc_s.so.1
7f177ca6e000-7f177cc6d000 ---p 00016000 08:06 1835669                    /lib/x86_64-linux-gnu/libgcc_s.so.1
7f177cc6d000-7f177cc6e000 rw-p 00015000 08:06 1835669                    /lib/x86_64-linux-gnu/libgcc_s.so.1
7f177cc6e000-7f177cd54000 r-xp 00000000 08:06 1049931                    /usr/lib/x86_64-linux-gnu/libstdc++.so.6.0.19
7f177cd54000-7f177cf53000 ---p 000e6000 08:06 1049931                    /usr/lib/x86_64-linux-gnu/libstdc++.so.6.0.19
7f177cf53000-7f177cf5b000 r--p 000e5000 08:06 1049931                    /usr/lib/x86_64-linux-gnu/libstdc++.so.6.0.19
7f177cf5b000-7f177cf5d000 rw-p 000ed000 08:06 1049931                    /usr/lib/x86_64-linux-gnu/libstdc++.so.6.0.19
7f177cf5d000-7f177cf73000 rw-p 00000000 00:00 0 
7f177cf73000-7f177cf74000 rw-p 00000000 00:00 0 
7f177cf74000-7f177cf75000 r--p 00000000 00:00 0 
7f177cf75000-7f177cf76000 r--s 00000000 08:06 3298758                    /home/tim/Downloads/android-studio/plugins/google-cloud-tools/lib/gradle-appengine-builder-model-0.1.0.jar
7f177cf76000-7f177cf78000 r--s 00003000 08:06 151352                     /home/tim/Downloads/android-studio/plugins/android/lib/builder-model-0.12.0.jar
7f177cf78000-7f177cf7a000 r--s 00005000 08:06 1215534                    /home/tim/Downloads/android-studio/plugins/gradle/lib/gradle-tooling-extension-api.jar
7f177cf7a000-7f177cf80000 r--s 00025000 08:06 1215535                    /home/tim/Downloads/android-studio/plugins/gradle/lib/gradle-base-services-2.0.jar
7f177cf80000-7f177cf88000 r--s 00027000 08:06 1215537                    /home/tim/Downloads/android-studio/plugins/gradle/lib/gradle-tooling-api-2.0.jar
7f177cf88000-7f177cf8f000 r--s 00000000 08:06 1594191                    /usr/lib/x86_64-linux-gnu/gconv/gconv-modules.cache
7f177cf8f000-7f177cf93000 r-xp 00000000 08:06 2514073                    /tmp/native-platform932891957477222216dir/libnative-platform.so
7f177cf93000-7f177d192000 ---p 00004000 08:06 2514073                    /tmp/native-platform932891957477222216dir/libnative-platform.so
7f177d192000-7f177d193000 rw-p 00003000 08:06 2514073                    /tmp/native-platform932891957477222216dir/libnative-platform.so
7f177d193000-7f177d198000 r--s 00092000 08:06 1594345                    /usr/lib/jvm/java-8-oracle/jre/lib/jsse.jar
7f177d198000-7f177d19a000 r--s 00003000 08:06 2888857                    /home/tim/.gradle/wrapper/dists/gradle-1.12-all/2apkk7d25miauqf1pdjp1bm0uo/gradle-1.12/lib/plugins/gradle-language-base-1.12.jar
7f177d19a000-7f177d19b000 r--s 00004000 08:06 2888856                    /home/tim/.gradle/wrapper/dists/gradle-1.12-all/2apkk7d25miauqf1pdjp1bm0uo/gradle-1.12/lib/plugins/gradle-language-jvm-1.12.jar
7f177d19b000-7f177d1a0000 r--s 00029000 08:06 2888855                    /home/tim/.gradle/wrapper/dists/gradle-1.12-all/2apkk7d25miauqf1pdjp1bm0uo/gradle-1.12/lib/plugins/gradle-build-init-1.12.jar
7f177d1a0000-7f177d1a3000 r--s 0001f000 08:06 2888854                    /home/tim/.gradle/wrapper/dists/gradle-1.12-all/2apkk7d25miauqf1pdjp1bm0uo/gradle-1.12/lib/plugins/gradle-jacoco-1.12.jar
7f177d1a3000-7f177d1a6000 r--s 0000c000 08:06 2888853                    /home/tim/.gradle/wrapper/dists/gradle-1.12-all/2apkk7d25miauqf1pdjp1bm0uo/gradle-1.12/lib/plugins/gradle-ivy-1.12.jar
7f177d1a6000-7f177d1a8000 r--s 00002000 08:06 2888852                    /home/tim/.gradle/wrapper/dists/gradle-1.12-all/2apkk7d25miauqf1pdjp1bm0uo/gradle-1.12/lib/plugins/gradle-publish-1.12.jar
7f177d1a8000-7f177d1aa000 r--s 00005000 08:06 2888882                    /home/tim/.gradle/wrapper/dists/gradle-1.12-all/2apkk7d25miauqf1pdjp1bm0uo/gradle-1.12/lib/plugins/jatl-0.2.2.jar
7f177d1aa000-7f177d1ac000 r--s 00007000 08:06 2888851                    /home/tim/.gradle/wrapper/dists/gradle-1.12-all/2apkk7d25miauqf1pdjp1bm0uo/gradle-1.12/lib/plugins/gradle-reporting-1.12.jar
7f177d1ac000-7f177d1b1000 r--s 0003c000 08:06 2888850                    /home/tim/.gradle/wrapper/dists/gradle-1.12-all/2apkk7d25miauqf1pdjp1bm0uo/gradle-1.12/lib/plugins/gradle-diagnostics-1.12.jar
7f177d1b1000-7f177d1b8000 r--s 00094000 08:06 2888849                    /home/tim/.gradle/wrapper/dists/gradle-1.12-all/2apkk7d25miauqf1pdjp1bm0uo/gradle-1.12/lib/plugins/gradle-build-comparison-1.12.jar
7f177d1b8000-7f177d1bf000 r--s 00035000 08:06 2888881                    /home/tim/.gradle/wrapper/dists/gradle-1.12-all/2apkk7d25miauqf1pdjp1bm0uo/gradle-1.12/lib/plugins/simple-4.1.21.jar
7f177d1bf000-7f177d1c4000 r--s 0002a000 08:06 2888880                    /home/tim/.gradle/wrapper/dists/gradle-1.12-all/2apkk7d25miauqf1pdjp1bm0uo/gradle-1.12/lib/plugins/gson-2.2.4.jar
7f177d1c4000-7f177d1d0000 r--s 00100000 08:06 2888879                    /home/tim/.gradle/wrapper/dists/gradle-1.12-all/2apkk7d25miauqf1pdjp1bm0uo/gradle-1.12/lib/plugins/rhino-1.7R3.jar
7f177d1d0000-7f177d1d5000 r--s 00021000 08:06 2888848                    /home/tim/.gradle/wrapper/dists/gradle-1.12-all/2apkk7d25miauqf1pdjp1bm0uo/gradle-1.12/lib/plugins/gradle-javascript-1.12.jar
7f177d1d5000-7f177d1d7000 r--s 0000f000 08:06 2888847                    /home/tim/.gradle/wrapper/dists/gradle-1.12-all/2apkk7d25miauqf1pdjp1bm0uo/gradle-1.12/lib/plugins/gradle-ear-1.12.jar
7f177d1d7000-7f177d1ed000 r--s 000de000 08:06 2888846                    /home/tim/.gradle/wrapper/dists/gradle-1.12-all/2apkk7d25miauqf1pdjp1bm0uo/gradle-1.12/lib/plugins/gradle-cpp-1.12.jar
7f177d1ed000-7f177d215000 r--s 00194000 08:06 2888891                    /home/tim/.gradle/wrapper/dists/gradle-1.12-all/2apkk7d25miauqf1pdjp1bm0uo/gradle-1.12/lib/plugins/bcprov-jdk15-1.46.jar
7f177d215000-7f177d219000 r--s 00025000 08:06 2888878                    /home/tim/.gradle/wrapper/dists/gradle-1.12-all/2apkk7d25miauqf1pdjp1bm0uo/gradle-1.12/lib/plugins/bcpg-jdk15-1.46.jar
7f177d219000-7f177d21c000 r--s 00021000 08:06 2888845                    /home/tim/.gradle/wrapper/dists/gradle-1.12-all/2apkk7d25miauqf1pdjp1bm0uo/gradle-1.12/lib/plugins/gradle-signing-1.12.jar
7f177d21c000-7f177d21d000 r--s 00002000 08:06 2888877                    /home/tim/.gradle/wrapper/dists/gradle-1.12-all/2apkk7d25miauqf1pdjp1bm0uo/gradle-1.12/lib/plugins/sonar-batch-bootstrapper-2.9.jar
7f177d21d000-7f177d21e000 r--s 00007000 08:06 2888876                    /home/tim/.gradle/wrapper/dists/gradle-1.12-all/2apkk7d25miauqf1pdjp1bm0uo/gradle-1.12/lib/plugins/sonar-runner-2.0.jar
7f177d21e000-7f177d221000 r--s 00022000 08:06 2888844                    /home/tim/.gradle/wrapper/dists/gradle-1.12-all/2apkk7d25miauqf1pdjp1bm0uo/gradle-1.12/lib/plugins/gradle-sonar-1.12.jar
7f177d221000-7f177d224000 r--s 0001c000 08:06 2888843                    /home/tim/.gradle/wrapper/dists/gradle-1.12-all/2apkk7d25miauqf1pdjp1bm0uo/gradle-1.12/lib/plugins/gradle-scala-1.12.jar
7f177d224000-7f177d226000 r--s 0000f000 08:06 2888842                    /home/tim/.gradle/wrapper/dists/gradle-1.12-all/2apkk7d25miauqf1pdjp1bm0uo/gradle-1.12/lib/plugins/gradle-announce-1.12.jar
7f177d226000-7f177d233000 r--s 000cf000 08:06 2888841                    /home/tim/.gradle/wrapper/dists/gradle-1.12-all/2apkk7d25miauqf1pdjp1bm0uo/gradle-1.12/lib/plugins/gradle-ide-1.12.jar
7f177d233000-7f177d235000 r--s 00000000 08:06 2888875                    /home/tim/.gradle/wrapper/dists/gradle-1.12-all/2apkk7d25miauqf1pdjp1bm0uo/gradle-1.12/lib/plugins/plexus-component-annotations-1.5.2.jar
7f177d235000-7f177d238000 r--s 0000c000 08:06 2888874                    /home/tim/.gradle/wrapper/dists/gradle-1.12-all/2apkk7d25miauqf1pdjp1bm0uo/gradle-1.12/lib/plugins/pmaven-groovy-0.8-20100325.jar
7f177d238000-7f177d239000 r--s 00004000 08:06 2888873                    /home/tim/.gradle/wrapper/dists/gradle-1.12-all/2apkk7d25miauqf1pdjp1bm0uo/gradle-1.12/lib/plugins/pmaven-common-0.8-20100325.jar
7f177d239000-7f177d23e000 r--s 0001d000 08:06 2888840                    /home/tim/.gradle/wrapper/dists/gradle-1.12-all/2apkk7d25miauqf1pdjp1bm0uo/gradle-1.12/lib/plugins/gradle-maven-1.12.jar
7f177d23e000-7f177d256000 r--s 0013b000 08:06 2888871                    /home/tim/.gradle/wrapper/dists/gradle-1.12-all/2apkk7d25miauqf1pdjp1bm0uo/gradle-1.12/lib/plugins/bndlib-2.1.0.jar
7f177d256000-7f177d257000 r--s 00005000 08:06 2888839                    /home/tim/.gradle/wrapper/dists/gradle-1.12-all/2apkk7d25miauqf1pdjp1bm0uo/gradle-1.12/lib/plugins/gradle-osgi-1.12.jar
7f177d257000-7f177d25c000 r--s 00068000 08:06 2888870                    /home/tim/.gradle/wrapper/dists/gradle-1.12-all/2apkk7d25miauqf1pdjp1bm0uo/gradle-1.12/lib/plugins/antlr-2.7.7.jar
7f177d25c000-7f177d25d000 r--s 00002000 08:06 2888869                    /home/tim/.gradle/wrapper/dists/gradle-1.12-all/2apkk7d25miauqf1pdjp1bm0uo/gradle-1.12/lib/plugins/ant-antlr-1.9.3.jar
7f177d25d000-7f177d25f000 r--s 00004000 08:06 2888838                    /home/tim/.gradle/wrapper/dists/gradle-1.12-all/2apkk7d25miauqf1pdjp1bm0uo/gradle-1.12/lib/plugins/gradle-antlr-1.12.jar
7f177d25f000-7f177d262000 r--s 0001e000 08:06 2888890                    /home/tim/.gradle/wrapper/dists/gradle-1.12-all/2apkk7d25miauqf1pdjp1bm0uo/gradle-1.12/lib/plugins/jsp-api-2.1-6.1.14.jar
7f177d262000-7f177d285000 r--s 00344000 08:06 2888889                    /home/tim/.gradle/wrapper/dists/gradle-1.12-all/2apkk7d25miauqf1pdjp1bm0uo/gradle-1.12/lib/plugins/core-3.1.1.jar
7f177d285000-7f177d286000 r--s 00006000 08:06 2888888                    /home/tim/.gradle/wrapper/dists/gradle-1.12-all/2apkk7d25miauqf1pdjp1bm0uo/gradle-1.12/lib/plugins/jetty-naming-6.1.25.jar
7f177d286000-7f177d287000 r--s 00002000 08:06 2888868                    /home/tim/.gradle/wrapper/dists/gradle-1.12-all/2apkk7d25miauqf1pdjp1bm0uo/gradle-1.12/lib/plugins/geronimo-annotation_1.0_spec-1.0.jar
7f177d287000-7f177d289000 r--s 00002000 08:06 2888867                    /home/tim/.gradle/wrapper/dists/gradle-1.12-all/2apkk7d25miauqf1pdjp1bm0uo/gradle-1.12/lib/plugins/jetty-annotations-6.1.25.jar
7f177d289000-7f177d29a000 r--s 000ea000 08:06 2888866                    /home/tim/.gradle/wrapper/dists/gradle-1.12-all/2apkk7d25miauqf1pdjp1bm0uo/gradle-1.12/lib/plugins/jsp-2.1-6.1.14.jar
7f177d29a000-7f177d29c000 r--s 0000d000 08:06 2888865                    /home/tim/.gradle/wrapper/dists/gradle-1.12-all/2apkk7d25miauqf1pdjp1bm0uo/gradle-1.12/lib/plugins/jetty-plus-6.1.25.jar
7f177d29c000-7f177d29e000 r--s 0001f000 08:06 2888864                    /home/tim/.gradle/wrapper/dists/gradle-1.12-all/2apkk7d25miauqf1pdjp1bm0uo/gradle-1.12/lib/plugins/servlet-api-2.5-20081211.jar
7f177d29e000-7f177d2a2000 r--s 00028000 08:06 2888863                    /home/tim/.gradle/wrapper/dists/gradle-1.12-all/2apkk7d25miauqf1pdjp1bm0uo/gradle-1.12/lib/plugins/jetty-util-6.1.25.jar
7f177d2a2000-7f177d2a9000 r--s 0007d000 08:06 2888862                    /home/tim/.gradle/wrapper/dists/gradle-1.12-all/2apkk7d25miauqf1pdjp1bm0uo/gradle-1.12/lib/plugins/jetty-6.1.25.jar
7f177d2a9000-7f177d2ab000 r--s 00009000 08:06 2888837                    /home/tim/.gradle/wrapper/dists/gradle-1.12-all/2apkk7d25miauqf1pdjp1bm0uo/gradle-1.12/lib/plugins/gradle-jetty-1.12.jar
7f177d2ab000-7f177d2b1000 r--s 0004c000 08:06 2888836                    /home/tim/.gradle/wrapper/dists/gradle-1.12-all/2apkk7d25miauqf1pdjp1bm0uo/gradle-1.12/lib/plugins/gradle-code-quality-1.12.jar
7f177d2b1000-7f177d2b3000 r--s 00009000 08:06 2888894                    /home/tim/.gradle/wrapper/dists/gradle-1.12-all/2apkk7d25miauqf1pdjp1bm0uo/gradle-1.12/lib/plugins/hamcrest-core-1.3.jar
7f177d2b3000-7f177d2b9000 r--s 00033000 08:06 2888887                    /home/tim/.gradle/wrapper/dists/gradle-1.12-all/2apkk7d25miauqf1pdjp1bm0uo/gradle-1.12/lib/plugins/snakeyaml-1.6.jar
7f177d2b9000-7f177d2bb000 r--s 00006000 08:06 2888886                    /home/tim/.gradle/wrapper/dists/gradle-1.12-all/2apkk7d25miauqf1pdjp1bm0uo/gradle-1.12/lib/plugins/jcommander-1.12.jar
7f177d2bb000-7f177d2c0000 r--s 00040000 08:06 2888885                    /home/tim/.gradle/wrapper/dists/gradle-1.12-all/2apkk7d25miauqf1pdjp1bm0uo/gradle-1.12/lib/plugins/bsh-2.0b4.jar
7f177d2c0000-7f177d2c2000 r--s 00009000 08:06 2888861                    /home/tim/.gradle/wrapper/dists/gradle-1.12-all/2apkk7d25miauqf1pdjp1bm0uo/gradle-1.12/lib/plugins/commons-cli-1.2.jar
7f177d2c2000-7f177d2cb000 r--s 00089000 08:06 2888860                    /home/tim/.gradle/wrapper/dists/gradle-1.12-all/2apkk7d25miauqf1pdjp1bm0uo/gradle-1.12/lib/plugins/testng-6.3.1.jar
7f177d2cb000-7f177d2d1000 r--s 00036000 08:06 2888859                    /home/tim/.gradle/wrapper/dists/gradle-1.12-all/2apkk7d25miauqf1pdjp1bm0uo/gradle-1.12/lib/plugins/junit-4.11.jar
7f177d2d1000-7f177d2e3000 r--s 000b4000 08:06 2888835                    /home/tim/.gradle/wrapper/dists/gradle-1.12-all/2apkk7d25miauqf1pdjp1bm0uo/gradle-1.12/lib/plugins/gradle-plugins-1.12.jar
7f177d2e3000-7f177d2fb000 r--s 00115000 08:06 2888892                    /home/tim/.gradle/wrapper/dists/gradle-1.12-all/2apkk7d25miauqf1pdjp1bm0uo/gradle-1.12/lib/plugins/xercesImpl-2.9.1.jar
7f177d2fb000-7f177d303000 r--s 00028000 08:06 2888893                    /home/tim/.gradle/wrapper/dists/gradle-1.12-all/2apkk7d25miauqf1pdjp1bm0uo/gradle-1.12/lib/plugins/xml-apis-1.3.04.jar
7f177d303000-7f177d307000 r--s 0001d000 08:06 2888884                    /home/tim/.gradle/wrapper/dists/gradle-1.12-all/2apkk7d25miauqf1pdjp1bm0uo/gradle-1.12/lib/plugins/xbean-reflect-3.4.jar
7f177d307000-7f177d30a000 r--s 0001c000 08:06 2888883                    /home/tim/.gradle/wrapper/dists/gradle-1.12-all/2apkk7d25miauqf1pdjp1bm0uo/gradle-1.12/lib/plugins/nekohtml-1.9.14.jar
7f177d30a000-7f177d323000 r--s 00129000 08:06 2888872                    /home/tim/.gradle/wrapper/dists/gradle-1.12-all/2apkk7d25miauqf1pdjp1bm0uo/gradle-1.12/lib/plugins/maven-ant-tasks-2.1.3.jar
7f177d323000-7f177d327000 r--s 0001e000 08:06 2888834                    /home/tim/.gradle/wrapper/dists/gradle-1.12-all/2apkk7d25miauqf1pdjp1bm0uo/gradle-1.12/lib/plugins/jarjar-aether-impl-1.13.1.jar
7f177d327000-7f177d32a000 r--s 00027000 08:06 2888833                    /home/tim/.gradle/wrapper/dists/gradle-1.12-all/2apkk7d25miauqf1pdjp1bm0uo/gradle-1.12/lib/plugins/jarjar-maven-model-3.0.4.jar
7f177d32a000-7f177d32d000 r--s 0000b000 08:06 2888832                    /home/tim/.gradle/wrapper/dists/gradle-1.12-all/2apkk7d25miauqf1pdjp1bm0uo/gradle-1.12/lib/plugins/jarjar-maven-artifact-3.0.4.jar
7f177d32d000-7f177d331000 r--s 0001e000 08:06 2888831                    /home/tim/.gradle/wrapper/dists/gradle-1.12-all/2apkk7d25miauqf1pdjp1bm0uo/gradle-1.12/lib/plugins/jarjar-aether-util-1.13.1.jar
7f177d331000-7f177d333000 r--s 00007000 08:06 2888830                    /home/tim/.gradle/wrapper/dists/gradle-1.12-all/2apkk7d25miauqf1pdjp1bm0uo/gradle-1.12/lib/plugins/jarjar-wagon-http-shared4-2.4.jar
7f177d333000-7f177d340000 r--s 00083000 08:06 2888829                    /home/tim/.gradle/wrapper/dists/gradle-1.12-all/2apkk7d25miauqf1pdjp1bm0uo/gradle-1.12/lib/plugins/jarjar-maven-core-3.0.4.jar
7f177d340000-7f177d342000 r--s 00003000 08:06 2888828                    /home/tim/.gradle/wrapper/dists/gradle-1.12-all/2apkk7d25miauqf1pdjp1bm0uo/gradle-1.12/lib/plugins/jarjar-aether-spi-1.13.1.jar
7f177d342000-7f177d344000 r--s 00009000 08:06 2888827                    /home/tim/.gradle/wrapper/dists/gradle-1.12-all/2apkk7d25miauqf1pdjp1bm0uo/gradle-1.12/lib/plugins/jarjar-maven-settings-builder-3.0.4.jar
7f177d344000-7f177d348000 r--s 00014000 08:06 2888826                    /home/tim/.gradle/wrapper/dists/gradle-1.12-all/2apkk7d25miauqf1pdjp1bm0uo/gradle-1.12/lib/plugins/jarjar-aether-api-1.13.1.jar
7f177d348000-7f177d349000 r--s 00002000 08:06 2888825                    /home/tim/.gradle/wrapper/dists/gradle-1.12-all/2apkk7d25miauqf1pdjp1bm0uo/gradle-1.12/lib/plugins/jarjar-wagon-http-2.4.jar
7f177d349000-7f177d350000 r--s 00042000 08:06 2888824                    /home/tim/.gradle/wrapper/dists/gradle-1.12-all/2apkk7d25miauqf1pdjp1bm0uo/gradle-1.12/lib/plugins/jarjar-maven-compat-3.0.4.jar
7f177d350000-7f177d352000 r--s 00006000 08:06 2888823                    /home/tim/.gradle/wrapper/dists/gradle-1.12-all/2apkk7d25miauqf1pdjp1bm0uo/gradle-1.12/lib/plugins/jarjar-aether-connector-wagon-1.13.1.jar
7f177d352000-7f177d354000 r--s 00000000 08:06 2888822                    /home/tim/.gradle/wrapper/dists/gradle-1.12-all/2apkk7d25miauqf1pdjp1bm0uo/gradle-1.12/lib/plugins/jarjar-plexus-component-annotations-1.5.5.jar
7f177d354000-7f177d356000 r--s 00006000 08:06 2888821                    /home/tim/.gradle/wrapper/dists/gradle-1.12-all/2apkk7d25miauqf1pdjp1bm0uo/gradle-1.12/lib/plugins/jarjar-plexus-sec-dispatcher-1.3.jar
7f177d356000-7f177d35b000 r--s 00022000 08:06 2888820                    /home/tim/.gradle/wrapper/dists/gradle-1.12-all/2apkk7d25miauqf1pdjp1bm0uo/gradle-1.12/lib/plugins/jarjar-maven-model-builder-3.0.4.jar
7f177d35b000-7f177d35d000 r--s 0000b000 08:06 2888819                    /home/tim/.gradle/wrapper/dists/gradle-1.12-all/2apkk7d25miauqf1pdjp1bm0uo/gradle-1.12/lib/plugins/jarjar-maven-plugin-api-3.0.4.jar
7f177d35d000-7f177d360000 r--s 0000a000 08:06 2888818                    /home/tim/.gradle/wrapper/dists/gradle-1.12-all/2apkk7d25miauqf1pdjp1bm0uo/gradle-1.12/lib/plugins/jarjar-plexus-classworlds-2.4.jar
7f177d360000-7f177d364000 r--s 00035000 08:06 2888817                    /home/tim/.gradle/wrapper/dists/gradle-1.12-all/2apkk7d25miauqf1pdjp1bm0uo/gradle-1.12/lib/plugins/jarjar-plexus-utils-2.0.6.jar
7f177d364000-7f177d366000 r--s 0000e000 08:06 2888816                    /home/tim/.gradle/wrapper/dists/gradle-1.12-all/2apkk7d25miauqf1pdjp1bm0uo/gradle-1.12/lib/plugins/jarjar-plexus-interpolation-1.14.jar
7f177d366000-7f177d368000 r--s 00002000 08:06 2888815                    /home/tim/.gradle/wrapper/dists/gradle-1.12-all/2apkk7d25miauqf1pdjp1bm0uo/gradle-1.12/lib/plugins/jarjar-plexus-cipher-1.7.jar
7f177d368000-7f177d36a000 r--s 0000c000 08:06 2888814                    /home/tim/.gradle/wrapper/dists/gradle-1.12-all/2apkk7d25miauqf1pdjp1bm0uo/gradle-1.12/lib/plugins/jarjar-wagon-provider-api-2.4.jar
7f177d36a000-7f177d36c000 r--s 0000d000 08:06 2888813                    /home/tim/.gradle/wrapper/dists/gradle-1.12-all/2apkk7d25miauqf1pdjp1bm0uo/gradle-1.12/lib/plugins/jarjar-maven-aether-provider-3.0.4.jar
7f177d36c000-7f177d374000 r--s 00031000 08:06 2888812                    /home/tim/.gradle/wrapper/dists/gradle-1.12-all/2apkk7d25miauqf1pdjp1bm0uo/gradle-1.12/lib/plugins/jarjar-plexus-container-default-1.5.5.jar
7f177d374000-7f177d375000 r--s 00007000 08:06 2888811                    /home/tim/.gradle/wrapper/dists/gradle-1.12-all/2apkk7d25miauqf1pdjp1bm0uo/gradle-1.12/lib/plugins/jarjar-maven-repository-metadata-3.0.4.jar
7f177d375000-7f177d376000 r--s 0000b000 08:06 2888810                    /home/tim/.gradle/wrapper/dists/gradle-1.12-all/2apkk7d25miauqf1pdjp1bm0uo/gradle-1.12/lib/plugins/jarjar-maven-settings-3.0.4.jar
7f177d376000-7f177d38e000 r--s 000b2000 08:06 2888858                    /home/tim/.gradle/wrapper/dists/gradle-1.12-all/2apkk7d25miauqf1pdjp1bm0uo/gradle-1.12/lib/plugins/gradle-core-impl-1.12.jar
7f177d38e000-7f177d3aa000 r--s 00393000 08:06 3559532                    /usr/lib/jvm/java-8-oracle/jre/lib/ext/cldrdata.jar
7f177d3aa000-7f177d3b4000 r--s 00116000 08:06 3559530                    /usr/lib/jvm/java-8-oracle/jre/lib/ext/localedata.jar
7f177d3b4000-7f177d3b5000 r--s 00005000 08:06 2885831                    /home/tim/.gradle/wrapper/dists/gradle-1.12-all/2apkk7d25miauqf1pdjp1bm0uo/gradle-1.12/lib/gradle-wrapper-1.12.jar
7f177d3b5000-7f177d3bd000 r--s 0002a000 08:06 2885836                    /home/tim/.gradle/wrapper/dists/gradle-1.12-all/2apkk7d25miauqf1pdjp1bm0uo/gradle-1.12/lib/gradle-tooling-api-1.12.jar
7f177d3bd000-7f177d3bf000 r--s 00005000 08:06 2888777                    /home/tim/.gradle/wrapper/dists/gradle-1.12-all/2apkk7d25miauqf1pdjp1bm0uo/gradle-1.12/lib/gradle-open-api-1.12.jar
7f177d3bf000-7f177d3c5000 r--s 00032000 08:06 2888779                    /home/tim/.gradle/wrapper/dists/gradle-1.12-all/2apkk7d25miauqf1pdjp1bm0uo/gradle-1.12/lib/jaxen-1.1.jar
7f177d3c5000-7f177d3ca000 r--s 00048000 08:06 2888778                    /home/tim/.gradle/wrapper/dists/gradle-1.12-all/2apkk7d25miauqf1pdjp1bm0uo/gradle-1.12/lib/dom4j-1.6.1.jar
7f177d3ca000-7f177d3d5000 r--s 0005b000 08:06 2885835                    /home/tim/.gradle/wrapper/dists/gradle-1.12-all/2apkk7d25miauqf1pdjp1bm0uo/gradle-1.12/lib/gradle-ui-1.12.jar
7f177d3d5000-7f177d3d7000 r--s 00007000 08:06 2888805                    /home/tim/.gradle/wrapper/dists/gradle-1.12-all/2apkk7d25miauqf1pdjp1bm0uo/gradle-1.12/lib/objenesis-1.2.jar
7f177d3d7000-7f177d3d9000 r--s 00000000 08:06 2888804                    /home/tim/.gradle/wrapper/dists/gradle-1.12-all/2apkk7d25miauqf1pdjp1bm0uo/gradle-1.12/lib/minlog-1.2.jar
7f177d3d9000-7f177d3db000 r--s 0000f000 08:06 2888803                    /home/tim/.gradle/wrapper/dists/gradle-1.12-all/2apkk7d25miauqf1pdjp1bm0uo/gradle-1.12/lib/reflectasm-1.07-shaded.jar
7f177d3db000-7f177d3dd000 r--s 0000a000 08:06 2888809                    /home/tim/.gradle/wrapper/dists/gradle-1.12-all/2apkk7d25miauqf1pdjp1bm0uo/gradle-1.12/lib/asm-4.0.jar
7f177d3dd000-7f177d3e1000 r--s 00026000 08:06 2888792                    /home/tim/.gradle/wrapper/dists/gradle-1.12-all/2apkk7d25miauqf1pdjp1bm0uo/gradle-1.12/lib/kryo-2.20.jar
7f177d3e1000-7f177d3e9000 r--s 00037000 08:06 2888773                    /home/tim/.gradle/wrapper/dists/gradle-1.12-all/2apkk7d25miauqf1pdjp1bm0uo/gradle-1.12/lib/gradle-messaging-1.12.jar
7f177d3e9000-7f177d3ea000 r--s 00003000 08:06 2888800                    /home/tim/.gradle/wrapper/dists/gradle-1.12-all/2apkk7d25miauqf1pdjp1bm0uo/gradle-1.12/lib/native-platform-freebsd-amd64-0.10.jar
7f177d3ea000-7f177d3eb000 r--s 00003000 08:06 2888799                    /home/tim/.gradle/wrapper/dists/gradle-1.12-all/2apkk7d25miauqf1pdjp1bm0uo/gradle-1.12/lib/native-platform-freebsd-i386-0.10.jar
7f177d3eb000-7f177d3ec000 r--s 00005000 08:06 2888798                    /home/tim/.gradle/wrapper/dists/gradle-1.12-all/2apkk7d25miauqf1pdjp1bm0uo/gradle-1.12/lib/native-platform-windows-i386-0.10.jar
7f177d3ec000-7f177d3ed000 r--s 00005000 08:06 2888797                    /home/tim/.gradle/wrapper/dists/gradle-1.12-all/2apkk7d25miauqf1pdjp1bm0uo/gradle-1.12/lib/native-platform-windows-amd64-0.10.jar
7f177d3ed000-7f177d3ee000 r--s 00003000 08:06 2888796                    /home/tim/.gradle/wrapper/dists/gradle-1.12-all/2apkk7d25miauqf1pdjp1bm0uo/gradle-1.12/lib/native-platform-linux-i386-0.10.jar
7f177d3ee000-7f177d3ef000 r--s 00003000 08:06 2888795                    /home/tim/.gradle/wrapper/dists/gradle-1.12-all/2apkk7d25miauqf1pdjp1bm0uo/gradle-1.12/lib/native-platform-linux-amd64-0.10.jar
7f177d3ef000-7f177d3f0000 r--s 00002000 08:06 2888794                    /home/tim/.gradle/wrapper/dists/gradle-1.12-all/2apkk7d25miauqf1pdjp1bm0uo/gradle-1.12/lib/native-platform-osx-amd64-0.10.jar
7f177d3f0000-7f177d3f1000 r--s 00002000 08:06 2888793                    /home/tim/.gradle/wrapper/dists/gradle-1.12-all/2apkk7d25miauqf1pdjp1bm0uo/gradle-1.12/lib/native-platform-osx-i386-0.10.jar
7f177d3f1000-7f177d3f3000 r--s 00008000 08:06 2888783                    /home/tim/.gradle/wrapper/dists/gradle-1.12-all/2apkk7d25miauqf1pdjp1bm0uo/gradle-1.12/lib/jansi-1.2.1.jar
7f177d3f3000-7f177d3f6000 r--s 00013000 08:06 2888782                    /home/tim/.gradle/wrapper/dists/gradle-1.12-all/2apkk7d25miauqf1pdjp1bm0uo/gradle-1.12/lib/jna-posix-1.0.3.jar
7f177d3f6000-7f177d3f9000 r--s 0000d000 08:06 2888781                    /home/tim/.gradle/wrapper/dists/gradle-1.12-all/2apkk7d25miauqf1pdjp1bm0uo/gradle-1.12/lib/native-platform-0.10.jar
7f177d3f9000-7f177d3fd000 r--s 000e4000 08:06 2888780                    /home/tim/.gradle/wrapper/dists/gradle-1.12-all/2apkk7d25miauqf1pdjp1bm0uo/gradle-1.12/lib/jna-3.2.7.jar
7f177d3fd000-7f177d3ff000 r--s 00009000 08:06 2885837                    /home/tim/.gradle/wrapper/dists/gradle-1.12-all/2apkk7d25miauqf1pdjp1bm0uo/gradle-1.12/lib/gradle-native-1.12.jar
7f177d3ff000-7f177d400000 r--s 00006000 08:06 2885834                    /home/tim/.gradle/wrapper/dists/gradle-1.12-all/2apkk7d25miauqf1pdjp1bm0uo/gradle-1.12/lib/gradle-cli-1.12.jar
7f177d400000-7f177d401000 r--s 00000000 08:06 2885842                    /home/tim/.gradle/wrapper/dists/gradle-1.12-all/2apkk7d25miauqf1pdjp1bm0uo/gradle-1.12/lib/gradle-resources-1.12.jar
7f177d401000-7f177d403000 r--s 00000000 08:06 2885841                    /home/tim/.gradle/wrapper/dists/gradle-1.12-all/2apkk7d25miauqf1pdjp1bm0uo/gradle-1.12/lib/gradle-base-services-groovy-1.12.jar
7f177d403000-7f177d404000 r--s 00000000 08:06 2888774                    /home/tim/.gradle/wrapper/dists/gradle-1.12-all/2apkk7d25miauqf1pdjp1bm0uo/gradle-1.12/lib/gradle-docs-1.12.jar
7f177d404000-7f177d40a000 r--s 0005b000 08:06 2888791                    /home/tim/.gradle/wrapper/dists/gradle-1.12-all/2apkk7d25miauqf1pdjp1bm0uo/gradle-1.12/lib/jcifs-1.3.17.jar
7f177d40a000-7f177d410000 r--s 00031000 08:06 2888790                    /home/tim/.gradle/wrapper/dists/gradle-1.12-all/2apkk7d25miauqf1pdjp1bm0uo/gradle-1.12/lib/httpcore-4.2.2.jar
7f177d410000-7f177d416000 r--s 00033000 08:06 2888789                    /home/tim/.gradle/wrapper/dists/gradle-1.12-all/2apkk7d25miauqf1pdjp1bm0uo/gradle-1.12/lib/commons-codec-1.6.jar
7f177d416000-7f177d418000 r--s 00026000 08:06 2888788                    /home/tim/.gradle/wrapper/dists/gradle-1.12-all/2apkk7d25miauqf1pdjp1bm0uo/gradle-1.12/lib/http-builder-0.6.jar
7f177d418000-7f177d41c000 r--s 00022000 08:06 2888801                    /home/tim/.gradle/wrapper/dists/gradle-1.12-all/2apkk7d25miauqf1pdjp1bm0uo/gradle-1.12/lib/json-lib-2.3-jdk15.jar
7f177d41c000-7f177d41f000 r--s 00013000 08:06 2888808                    /home/tim/.gradle/wrapper/dists/gradle-1.12-all/2apkk7d25miauqf1pdjp1bm0uo/gradle-1.12/lib/ezmorph-1.0.6.jar
7f177d41f000-7f177d42e000 r--s 0007f000 08:06 2888786                    /home/tim/.gradle/wrapper/dists/gradle-1.12-all/2apkk7d25miauqf1pdjp1bm0uo/gradle-1.12/lib/joda-time-2.3.jar
7f177d42e000-7f177d42f000 ---p 00000000 00:00 0 
7f177d42f000-7f177d52f000 rw-p 00000000 00:00 0                          [stack:2776]
7f177d52f000-7f177d532000 ---p 00000000 00:00 0 
7f177d532000-7f177d630000 rw-p 00000000 00:00 0                          [stack:2775]
7f177d630000-7f177d633000 ---p 00000000 00:00 0 
7f177d633000-7f177d731000 rw-p 00000000 00:00 0                          [stack:2774]
7f177d731000-7f177d734000 ---p 00000000 00:00 0 
7f177d734000-7f177d832000 rw-p 00000000 00:00 0                          [stack:2773]
7f177d832000-7f177d835000 ---p 00000000 00:00 0 
7f177d835000-7f177d933000 rw-p 00000000 00:00 0                          [stack:2772]
7f177d933000-7f177d936000 ---p 00000000 00:00 0 
7f177d936000-7f177da34000 rw-p 00000000 00:00 0                          [stack:2771]
7f177da34000-7f177da37000 ---p 00000000 00:00 0 
7f177da37000-7f177db35000 rw-p 00000000 00:00 0                          [stack:2770]
7f177db35000-7f177ddfe000 r--p 00000000 08:06 1048789                    /usr/lib/locale/locale-archive
7f177ddfe000-7f177de01000 ---p 00000000 00:00 0 
7f177de01000-7f177deff000 rw-p 00000000 00:00 0                          [stack:2768]
7f177deff000-7f177df02000 ---p 00000000 00:00 0 
7f177df02000-7f1780000000 rw-p 00000000 00:00 0                          [stack:2767]
7f1780000000-7f1780021000 rw-p 00000000 00:00 0 
7f1780021000-7f1784000000 ---p 00000000 00:00 0 
7f1784000000-7f1784021000 rw-p 00000000 00:00 0 
7f1784021000-7f1788000000 ---p 00000000 00:00 0 
7f1788000000-7f1788021000 rw-p 00000000 00:00 0 
7f1788021000-7f178c000000 ---p 00000000 00:00 0 
7f178c000000-7f178c002000 r--s 00013000 08:06 2888802                    /home/tim/.gradle/wrapper/dists/gradle-1.12-all/2apkk7d25miauqf1pdjp1bm0uo/gradle-1.12/lib/xml-resolver-1.2.jar
7f178c002000-7f178c007000 r--s 00034000 08:06 2888806                    /home/tim/.gradle/wrapper/dists/gradle-1.12-all/2apkk7d25miauqf1pdjp1bm0uo/gradle-1.12/lib/commons-beanutils-1.8.0.jar
7f178c007000-7f178c009000 r--s 0000d000 08:06 2888807                    /home/tim/.gradle/wrapper/dists/gradle-1.12-all/2apkk7d25miauqf1pdjp1bm0uo/gradle-1.12/lib/commons-logging-1.1.1.jar
7f178c009000-7f178c00d000 r--s 0003d000 08:06 2888785                    /home/tim/.gradle/wrapper/dists/gradle-1.12-all/2apkk7d25miauqf1pdjp1bm0uo/gradle-1.12/lib/jsch-0.1.51.jar
7f178c00d000-7f178c00f000 r--s 00003000 08:06 2888776                    /home/tim/.gradle/wrapper/dists/gradle-1.12-all/2apkk7d25miauqf1pdjp1bm0uo/gradle-1.12/lib/jcl-over-slf4j-1.7.5.jar
7f178c00f000-7f178c011000 r--s 00004000 08:06 2888775                    /home/tim/.gradle/wrapper/dists/gradle-1.12-all/2apkk7d25miauqf1pdjp1bm0uo/gradle-1.12/lib/log4j-over-slf4j-1.7.5.jar
7f178c011000-7f178c01a000 r--s 00060000 08:06 2888772                    /home/tim/.gradle/wrapper/dists/gradle-1.12-all/2apkk7d25miauqf1pdjp1bm0uo/gradle-1.12/lib/httpclient-4.2.2.jar
7f178c01a000-7f178c01d000 r--s 0001b000 08:06 2888769                    /home/tim/.gradle/wrapper/dists/gradle-1.12-all/2apkk7d25miauqf1pdjp1bm0uo/gradle-1.12/lib/jarjar-1.3.jar
7f178c01d000-7f178c023000 r--s 0003b000 08:06 2885850                    /home/tim/.gradle/wrapper/dists/gradle-1.12-all/2apkk7d25miauqf1pdjp1bm0uo/gradle-1.12/lib/logback-classic-1.0.13.jar
7f178c023000-7f178c02d000 r--s 0005d000 08:06 2885849                    /home/tim/.gradle/wrapper/dists/gradle-1.12-all/2apkk7d25miauqf1pdjp1bm0uo/gradle-1.12/lib/logback-core-1.0.13.jar
7f178c02d000-7f178c03c000 r--s 000d9000 08:06 2885848                    /home/tim/.gradle/wrapper/dists/gradle-1.12-all/2apkk7d25miauqf1pdjp1bm0uo/gradle-1.12/lib/ivy-2.2.0.jar
7f178c03c000-7f178c041000 r--s 00041000 08:06 2885847                    /home/tim/.gradle/wrapper/dists/gradle-1.12-all/2apkk7d25miauqf1pdjp1bm0uo/gradle-1.12/lib/commons-lang-2.6.jar
7f178c041000-7f178c04f000 r--s 0007f000 08:06 2885845                    /home/tim/.gradle/wrapper/dists/gradle-1.12-all/2apkk7d25miauqf1pdjp1bm0uo/gradle-1.12/lib/commons-collections-3.2.1.jar
7f178c04f000-7f178c0ab000 r--s 00586000 08:06 2885840                    /home/tim/.gradle/wrapper/dists/gradle-1.12-all/2apkk7d25miauqf1pdjp1bm0uo/gradle-1.12/lib/groovy-all-1.8.6.jar
7f178c0ab000-7f178c0d2000 r--s 001c3000 08:06 2885839                    /home/tim/.gradle/wrapper/dists/gradle-1.12-all/2apkk7d25miauqf1pdjp1bm0uo/gradle-1.12/lib/guava-jdk5-14.0.1.jar
7f178c0d2000-7f178c0f1000 r--s 001cc000 08:06 2885844                    /home/tim/.gradle/wrapper/dists/gradle-1.12-all/2apkk7d25miauqf1pdjp1bm0uo/gradle-1.12/lib/ant-1.9.3.jar
7f178c0f1000-7f178c0f2000 ---p 00000000 00:00 0 
7f178c0f2000-7f178d000000 rw-p 00000000 00:00 0                          [stack:2766]
7f178d000000-7f178d6f0000 rwxp 00000000 00:00 0 
7f178d6f0000-7f179c000000 ---p 00000000 00:00 0 
7f179c000000-7f179cb55000 rw-p 00000000 00:00 0 
7f179cb55000-7f17a0000000 ---p 00000000 00:00 0 
7f17a0000000-7f17a0001000 r--s 00001000 08:06 2888787                    /home/tim/.gradle/wrapper/dists/gradle-1.12-all/2apkk7d25miauqf1pdjp1bm0uo/gradle-1.12/lib/bintray-client-java-api-0.1.0.jar
7f17a0001000-7f17a0002000 r--s 00009000 08:06 2888771                    /home/tim/.gradle/wrapper/dists/gradle-1.12-all/2apkk7d25miauqf1pdjp1bm0uo/gradle-1.12/lib/bintray-client-java-impl-0.1.0.jar
7f17a0002000-7f17a0007000 r--s 00035000 08:06 2885843                    /home/tim/.gradle/wrapper/dists/gradle-1.12-all/2apkk7d25miauqf1pdjp1bm0uo/gradle-1.12/lib/asm-all-5.0_BETA.jar
7f17a0007000-7f17a0037000 r--s 00191000 08:06 2885833                    /home/tim/.gradle/wrapper/dists/gradle-1.12-all/2apkk7d25miauqf1pdjp1bm0uo/gradle-1.12/lib/gradle-core-1.12.jar
7f17a0037000-7f17a0e7a000 rw-p 00000000 00:00 0 
7f17a0e7a000-7f17a1050000 r--s 03ca8000 08:06 1594316                    /usr/lib/jvm/java-8-oracle/jre/lib/rt.jar
7f17a1050000-7f17a1ac6000 rw-p 00000000 00:00 0 
7f17a1ac6000-7f17a1ac7000 ---p 00000000 00:00 0 
7f17a1ac7000-7f17a1bc7000 rw-p 00000000 00:00 0                          [stack:2764]
7f17a1bc7000-7f17a1bc8000 ---p 00000000 00:00 0 
7f17a1bc8000-7f17a1cc8000 rw-p 00000000 00:00 0                          [stack:2763]
7f17a1cc8000-7f17a1cc9000 ---p 00000000 00:00 0 
7f17a1cc9000-7f17a1dc9000 rw-p 00000000 00:00 0                          [stack:2762]
7f17a1dc9000-7f17a1dca000 ---p 00000000 00:00 0 
7f17a1dca000-7f17a1eca000 rw-p 00000000 00:00 0                          [stack:2761]
7f17a1eca000-7f17a1ecb000 ---p 00000000 00:00 0 
7f17a1ecb000-7f17a1fcb000 rw-p 00000000 00:00 0                          [stack:2760]
7f17a1fcb000-7f17a1fcc000 ---p 00000000 00:00 0 
7f17a1fcc000-7f17a20cc000 rw-p 00000000 00:00 0                          [stack:2759]
7f17a20cc000-7f17a20cd000 ---p 00000000 00:00 0 
7f17a20cd000-7f17a21cd000 rw-p 00000000 00:00 0                          [stack:2758]
7f17a21cd000-7f17a21ce000 ---p 00000000 00:00 0 
7f17a21ce000-7f17a22e3000 rw-p 00000000 00:00 0                          [stack:2757]
7f17a22e3000-7f17a2424000 ---p 00000000 00:00 0 
7f17a2424000-7f17a2439000 rw-p 00000000 00:00 0 
7f17a2439000-7f17a2579000 ---p 00000000 00:00 0 
7f17a2579000-7f17a25bf000 rw-p 00000000 00:00 0 
7f17a25bf000-7f17a2624000 ---p 00000000 00:00 0 
7f17a2624000-7f17a2641000 rw-p 00000000 00:00 0 
7f17a2641000-7f17a29e5000 ---p 00000000 00:00 0 
7f17a29e5000-7f17a29ff000 r-xp 00000000 08:06 3559481                    /usr/lib/jvm/java-8-oracle/jre/lib/amd64/libzip.so
7f17a29ff000-7f17a2bff000 ---p 0001a000 08:06 3559481                    /usr/lib/jvm/java-8-oracle/jre/lib/amd64/libzip.so
7f17a2bff000-7f17a2c00000 rw-p 0001a000 08:06 3559481                    /usr/lib/jvm/java-8-oracle/jre/lib/amd64/libzip.so
7f17a2c00000-7f17a2c0b000 r-xp 00000000 08:06 1858224                    /lib/x86_64-linux-gnu/libnss_files-2.19.so
7f17a2c0b000-7f17a2e0a000 ---p 0000b000 08:06 1858224                    /lib/x86_64-linux-gnu/libnss_files-2.19.so
7f17a2e0a000-7f17a2e0b000 r--p 0000a000 08:06 1858224                    /lib/x86_64-linux-gnu/libnss_files-2.19.so
7f17a2e0b000-7f17a2e0c000 rw-p 0000b000 08:06 1858224                    /lib/x86_64-linux-gnu/libnss_files-2.19.so
7f17a2e0c000-7f17a2e17000 r-xp 00000000 08:06 1858225                    /lib/x86_64-linux-gnu/libnss_nis-2.19.so
7f17a2e17000-7f17a3016000 ---p 0000b000 08:06 1858225                    /lib/x86_64-linux-gnu/libnss_nis-2.19.so
7f17a3016000-7f17a3017000 r--p 0000a000 08:06 1858225                    /lib/x86_64-linux-gnu/libnss_nis-2.19.so
7f17a3017000-7f17a3018000 rw-p 0000b000 08:06 1858225                    /lib/x86_64-linux-gnu/libnss_nis-2.19.so
7f17a3018000-7f17a302f000 r-xp 00000000 08:06 1857167                    /lib/x86_64-linux-gnu/libnsl-2.19.so
7f17a302f000-7f17a322e000 ---p 00017000 08:06 1857167                    /lib/x86_64-linux-gnu/libnsl-2.19.so
7f17a322e000-7f17a322f000 r--p 00016000 08:06 1857167                    /lib/x86_64-linux-gnu/libnsl-2.19.so
7f17a322f000-7f17a3230000 rw-p 00017000 08:06 1857167                    /lib/x86_64-linux-gnu/libnsl-2.19.so
7f17a3230000-7f17a3232000 rw-p 00000000 00:00 0 
7f17a3232000-7f17a323b000 r-xp 00000000 08:06 1835057                    /lib/x86_64-linux-gnu/libnss_compat-2.19.so
7f17a323b000-7f17a343a000 ---p 00009000 08:06 1835057                    /lib/x86_64-linux-gnu/libnss_compat-2.19.so
7f17a343a000-7f17a343b000 r--p 00008000 08:06 1835057                    /lib/x86_64-linux-gnu/libnss_compat-2.19.so
7f17a343b000-7f17a343c000 rw-p 00009000 08:06 1835057                    /lib/x86_64-linux-gnu/libnss_compat-2.19.so
7f17a343c000-7f17a3466000 r-xp 00000000 08:06 3559484                    /usr/lib/jvm/java-8-oracle/jre/lib/amd64/libjava.so
7f17a3466000-7f17a3666000 ---p 0002a000 08:06 3559484                    /usr/lib/jvm/java-8-oracle/jre/lib/amd64/libjava.so
7f17a3666000-7f17a3668000 rw-p 0002a000 08:06 3559484                    /usr/lib/jvm/java-8-oracle/jre/lib/amd64/libjava.so
7f17a3668000-7f17a3675000 r-xp 00000000 08:06 3559508                    /usr/lib/jvm/java-8-oracle/jre/lib/amd64/libverify.so
7f17a3675000-7f17a3875000 ---p 0000d000 08:06 3559508                    /usr/lib/jvm/java-8-oracle/jre/lib/amd64/libverify.so
7f17a3875000-7f17a3877000 rw-p 0000d000 08:06 3559508                    /usr/lib/jvm/java-8-oracle/jre/lib/amd64/libverify.so
7f17a3877000-7f17a387e000 r-xp 00000000 08:06 1857171                    /lib/x86_64-linux-gnu/librt-2.19.so
7f17a387e000-7f17a3a7d000 ---p 00007000 08:06 1857171                    /lib/x86_64-linux-gnu/librt-2.19.so
7f17a3a7d000-7f17a3a7e000 r--p 00006000 08:06 1857171                    /lib/x86_64-linux-gnu/librt-2.19.so
7f17a3a7e000-7f17a3a7f000 rw-p 00007000 08:06 1857171                    /lib/x86_64-linux-gnu/librt-2.19.so
7f17a3a7f000-7f17a3b84000 r-xp 00000000 08:06 1858217                    /lib/x86_64-linux-gnu/libm-2.19.so
7f17a3b84000-7f17a3d83000 ---p 00105000 08:06 1858217                    /lib/x86_64-linux-gnu/libm-2.19.so
7f17a3d83000-7f17a3d84000 r--p 00104000 08:06 1858217                    /lib/x86_64-linux-gnu/libm-2.19.so
7f17a3d84000-7f17a3d85000 rw-p 00105000 08:06 1858217                    /lib/x86_64-linux-gnu/libm-2.19.so
7f17a3d85000-7f17a49ef000 r-xp 00000000 08:06 3689167                    /usr/lib/jvm/java-8-oracle/jre/lib/amd64/server/libjvm.so
7f17a49ef000-7f17a4bee000 ---p 00c6a000 08:06 3689167                    /usr/lib/jvm/java-8-oracle/jre/lib/amd64/server/libjvm.so
7f17a4bee000-7f17a4cc5000 rw-p 00c69000 08:06 3689167                    /usr/lib/jvm/java-8-oracle/jre/lib/amd64/server/libjvm.so
7f17a4cc5000-7f17a4d07000 rw-p 00000000 00:00 0 
7f17a4d07000-7f17a4ec2000 r-xp 00000000 08:06 1858211                    /lib/x86_64-linux-gnu/libc-2.19.so
7f17a4ec2000-7f17a50c2000 ---p 001bb000 08:06 1858211                    /lib/x86_64-linux-gnu/libc-2.19.so
7f17a50c2000-7f17a50c6000 r--p 001bb000 08:06 1858211                    /lib/x86_64-linux-gnu/libc-2.19.so
7f17a50c6000-7f17a50c8000 rw-p 001bf000 08:06 1858211                    /lib/x86_64-linux-gnu/libc-2.19.so
7f17a50c8000-7f17a50cd000 rw-p 00000000 00:00 0 
7f17a50cd000-7f17a50d0000 r-xp 00000000 08:06 1858229                    /lib/x86_64-linux-gnu/libdl-2.19.so
7f17a50d0000-7f17a52cf000 ---p 00003000 08:06 1858229                    /lib/x86_64-linux-gnu/libdl-2.19.so
7f17a52cf000-7f17a52d0000 r--p 00002000 08:06 1858229                    /lib/x86_64-linux-gnu/libdl-2.19.so
7f17a52d0000-7f17a52d1000 rw-p 00003000 08:06 1858229                    /lib/x86_64-linux-gnu/libdl-2.19.so
7f17a52d1000-7f17a52e6000 r-xp 00000000 08:06 1593260                    /usr/lib/jvm/java-8-oracle/lib/amd64/jli/libjli.so
7f17a52e6000-7f17a54e5000 ---p 00015000 08:06 1593260                    /usr/lib/jvm/java-8-oracle/lib/amd64/jli/libjli.so
7f17a54e5000-7f17a54e6000 rw-p 00014000 08:06 1593260                    /usr/lib/jvm/java-8-oracle/lib/amd64/jli/libjli.so
7f17a54e6000-7f17a54ff000 r-xp 00000000 08:06 1858230                    /lib/x86_64-linux-gnu/libpthread-2.19.so
7f17a54ff000-7f17a56fe000 ---p 00019000 08:06 1858230                    /lib/x86_64-linux-gnu/libpthread-2.19.so
7f17a56fe000-7f17a56ff000 r--p 00018000 08:06 1858230                    /lib/x86_64-linux-gnu/libpthread-2.19.so
7f17a56ff000-7f17a5700000 rw-p 00019000 08:06 1858230                    /lib/x86_64-linux-gnu/libpthread-2.19.so
7f17a5700000-7f17a5704000 rw-p 00000000 00:00 0 
7f17a5704000-7f17a5727000 r-xp 00000000 08:06 1858213                    /lib/x86_64-linux-gnu/ld-2.19.so
7f17a5727000-7f17a5728000 r--s 00000000 08:06 2888770                    /home/tim/.gradle/wrapper/dists/gradle-1.12-all/2apkk7d25miauqf1pdjp1bm0uo/gradle-1.12/lib/javax.inject-1.jar
7f17a5728000-7f17a5729000 r--s 00001000 08:06 2888768                    /home/tim/.gradle/wrapper/dists/gradle-1.12-all/2apkk7d25miauqf1pdjp1bm0uo/gradle-1.12/lib/jul-to-slf4j-1.7.5.jar
7f17a5729000-7f17a5802000 rw-p 00000000 00:00 0 
7f17a5802000-7f17a5805000 ---p 00000000 00:00 0 
7f17a5805000-7f17a5907000 rw-p 00000000 00:00 0                          [stack:2756]
7f17a5907000-7f17a5908000 r--s 00000000 08:06 2886634                    /home/tim/.gradle/wrapper/dists/gradle-1.12-all/2apkk7d25miauqf1pdjp1bm0uo/gradle-1.12/lib/jcip-annotations-1.0.jar
7f17a5908000-7f17a590b000 r--s 00018000 08:06 2885846                    /home/tim/.gradle/wrapper/dists/gradle-1.12-all/2apkk7d25miauqf1pdjp1bm0uo/gradle-1.12/lib/commons-io-1.4.jar
7f17a590b000-7f17a590d000 r--s 00005000 08:06 2885838                    /home/tim/.gradle/wrapper/dists/gradle-1.12-all/2apkk7d25miauqf1pdjp1bm0uo/gradle-1.12/lib/slf4j-api-1.7.5.jar
7f17a590d000-7f17a590e000 r--s 00004000 08:06 2888784                    /home/tim/.gradle/wrapper/dists/gradle-1.12-all/2apkk7d25miauqf1pdjp1bm0uo/gradle-1.12/lib/ant-launcher-1.9.3.jar
7f17a590e000-7f17a5913000 r--s 00024000 08:06 2885832                    /home/tim/.gradle/wrapper/dists/gradle-1.12-all/2apkk7d25miauqf1pdjp1bm0uo/gradle-1.12/lib/gradle-base-services-1.12.jar
7f17a5913000-7f17a591a000 r--s 00037000 08:06 2885830                    /home/tim/.gradle/wrapper/dists/gradle-1.12-all/2apkk7d25miauqf1pdjp1bm0uo/gradle-1.12/lib/gradle-launcher-1.12.jar
7f17a591a000-7f17a5922000 rw-s 00000000 08:06 2514047                    /tmp/hsperfdata_tim/2755
7f17a5922000-7f17a5923000 rw-p 00000000 00:00 0 
7f17a5923000-7f17a5924000 r--p 00000000 00:00 0 
7f17a5924000-7f17a5926000 rw-p 00000000 00:00 0 
7f17a5926000-7f17a5927000 r--p 00022000 08:06 1858213                    /lib/x86_64-linux-gnu/ld-2.19.so
7f17a5927000-7f17a5928000 rw-p 00023000 08:06 1858213                    /lib/x86_64-linux-gnu/ld-2.19.so
7f17a5928000-7f17a5929000 rw-p 00000000 00:00 0 
7fff89921000-7fff89943000 rw-p 00000000 00:00 0                          [stack]
7fff899fe000-7fff89a00000 r-xp 00000000 00:00 0                          [vdso]
ffffffffff600000-ffffffffff601000 r-xp 00000000 00:00 0                  [vsyscall]

VM Arguments:
jvm_args: -XX:MaxPermSize=256m -XX:+HeapDumpOnOutOfMemoryError -Xmx1024m -Dfile.encoding=UTF-8 
java_command: org.gradle.launcher.daemon.bootstrap.GradleDaemon 1.12 /home/tim/.gradle/daemon 10800000 94086e07-f348-44b7-a6a2-dd40593fab39 -XX:MaxPermSize=256m -XX:+HeapDumpOnOutOfMemoryError -Xmx1024m -Dfile.encoding=UTF-8
java_class_path (initial): /home/tim/.gradle/wrapper/dists/gradle-1.12-all/2apkk7d25miauqf1pdjp1bm0uo/gradle-1.12/lib/gradle-launcher-1.12.jar
Launcher Type: SUN_STANDARD

Environment Variables:
JAVA_HOME=/usr/lib/jvm/java-8-oracle
CLASSPATH=./../lib/bootstrap.jar:./../lib/extensions.jar:./../lib/util.jar:./../lib/jdom.jar:./../lib/log4j.jar:./../lib/trove4j.jar:./../lib/jna.jar:/usr/lib/jvm/java-8-oracle/lib/tools.jar
PATH=/usr/local/sbin:/usr/local/bin:/usr/sbin:/usr/bin:/sbin:/bin:/usr/games:/usr/local/games"
LD_LIBRARY_PATH=.:
SHELL=/bin/bash
DISPLAY=:0

Signal Handlers:
SIGSEGV: [libjvm.so+0xa77530], sa_mask[0]=11111111011111111101111111111110, sa_flags=SA_RESTART|SA_SIGINFO
SIGBUS: [libjvm.so+0xa77530], sa_mask[0]=11111111011111111101111111111110, sa_flags=SA_RESTART|SA_SIGINFO
SIGFPE: [libjvm.so+0x8e1d90], sa_mask[0]=11111111011111111101111111111110, sa_flags=SA_RESTART|SA_SIGINFO
SIGPIPE: [libjvm.so+0x8e1d90], sa_mask[0]=11111111011111111101111111111110, sa_flags=SA_RESTART|SA_SIGINFO
SIGXFSZ: [libjvm.so+0x8e1d90], sa_mask[0]=11111111011111111101111111111110, sa_flags=SA_RESTART|SA_SIGINFO
SIGILL: [libjvm.so+0x8e1d90], sa_mask[0]=11111111011111111101111111111110, sa_flags=SA_RESTART|SA_SIGINFO
SIGUSR1: SIG_DFL, sa_mask[0]=00000000000000000000000000000000, sa_flags=none
SIGUSR2: [libjvm.so+0x8e35c0], sa_mask[0]=00100000000000000000000000000000, sa_flags=SA_RESTART|SA_SIGINFO
SIGHUP: [libjvm.so+0x8e4980], sa_mask[0]=11111111011111111101111111111110, sa_flags=SA_RESTART|SA_SIGINFO
SIGINT: [libjvm.so+0x8e4980], sa_mask[0]=11111111011111111101111111111110, sa_flags=SA_RESTART|SA_SIGINFO
SIGTERM: [libjvm.so+0x8e4980], sa_mask[0]=11111111011111111101111111111110, sa_flags=SA_RESTART|SA_SIGINFO
SIGQUIT: [libjvm.so+0x8e4980], sa_mask[0]=11111111011111111101111111111110, sa_flags=SA_RESTART|SA_SIGINFO


---------------  S Y S T E M  ---------------

OS:DISTRIB_ID=Ubuntu
DISTRIB_RELEASE=14.04
DISTRIB_CODENAME=trusty
DISTRIB_DESCRIPTION="Ubuntu 14.04.1 LTS"

uname:Linux 3.13.0-35-generic #62-Ubuntu SMP Fri Aug 15 01:58:42 UTC 2014 x86_64
libc:glibc 2.19 NPTL 2.19 
rlimit: STACK 8192k, CORE 0k, NPROC 30921, NOFILE 4096, AS infinity
load average:2.40 0.83 0.30

/proc/meminfo:
MemTotal:        3979576 kB
MemFree:         2161908 kB
Buffers:          108532 kB
Cached:           590088 kB
SwapCached:            0 kB
Active:          1113220 kB
Inactive:         497804 kB
Active(anon):     913548 kB
Inactive(anon):     9216 kB
Active(file):     199672 kB
Inactive(file):   488588 kB
Unevictable:          32 kB
Mlocked:              32 kB
SwapTotal:       4118524 kB
SwapFree:        4118524 kB
Dirty:             15344 kB
Writeback:             0 kB
AnonPages:        929052 kB
Mapped:           165408 kB
Shmem:             10296 kB
Slab:              75496 kB
SReclaimable:      43612 kB
SUnreclaim:        31884 kB
KernelStack:        4104 kB
PageTables:        25808 kB
NFS_Unstable:          0 kB
Bounce:                0 kB
WritebackTmp:          0 kB
CommitLimit:     6108312 kB
Committed_AS:    3401152 kB
VmallocTotal:   34359738367 kB
VmallocUsed:      116732 kB
VmallocChunk:   34359613436 kB
HardwareCorrupted:     0 kB
AnonHugePages:    256000 kB
HugePages_Total:       0
HugePages_Free:        0
HugePages_Rsvd:        0
HugePages_Surp:        0
Hugepagesize:       2048 kB
DirectMap4k:      142908 kB
DirectMap2M:     3983360 kB


CPU:total 8 (4 cores per cpu, 2 threads per core) family 6 model 30 stepping 5, cmov, cx8, fxsr, mmx, sse, sse2, sse3, ssse3, sse4.1, sse4.2, popcnt, ht, tsc, tscinvbit

/proc/cpuinfo:
processor	: 0
vendor_id	: GenuineIntel
cpu family	: 6
model		: 30
model name	: Intel(R) Core(TM) i7 CPU       Q 720  @ 1.60GHz
stepping	: 5
microcode	: 0x4
cpu MHz		: 1600.000
cache size	: 6144 KB
physical id	: 0
siblings	: 8
core id		: 0
cpu cores	: 4
apicid		: 0
initial apicid	: 0
fpu		: yes
fpu_exception	: yes
cpuid level	: 11
wp		: yes
flags		: fpu vme de pse tsc msr pae mce cx8 apic sep mtrr pge mca cmov pat pse36 clflush dts acpi mmx fxsr sse sse2 ss ht tm pbe syscall nx rdtscp lm constant_tsc arch_perfmon pebs bts rep_good nopl xtopology nonstop_tsc aperfmperf pni dtes64 monitor ds_cpl vmx smx est tm2 ssse3 cx16 xtpr pdcm sse4_1 sse4_2 popcnt lahf_lm ida dtherm tpr_shadow vnmi flexpriority ept vpid
bogomips	: 3200.02
clflush size	: 64
cache_alignment	: 64
address sizes	: 36 bits physical, 48 bits virtual
power management:

processor	: 1
vendor_id	: GenuineIntel
cpu family	: 6
model		: 30
model name	: Intel(R) Core(TM) i7 CPU       Q 720  @ 1.60GHz
stepping	: 5
microcode	: 0x4
cpu MHz		: 1333.000
cache size	: 6144 KB
physical id	: 0
siblings	: 8
core id		: 1
cpu cores	: 4
apicid		: 2
initial apicid	: 2
fpu		: yes
fpu_exception	: yes
cpuid level	: 11
wp		: yes
flags		: fpu vme de pse tsc msr pae mce cx8 apic sep mtrr pge mca cmov pat pse36 clflush dts acpi mmx fxsr sse sse2 ss ht tm pbe syscall nx rdtscp lm constant_tsc arch_perfmon pebs bts rep_good nopl xtopology nonstop_tsc aperfmperf pni dtes64 monitor ds_cpl vmx smx est tm2 ssse3 cx16 xtpr pdcm sse4_1 sse4_2 popcnt lahf_lm ida dtherm tpr_shadow vnmi flexpriority ept vpid
bogomips	: 3200.02
clflush size	: 64
cache_alignment	: 64
address sizes	: 36 bits physical, 48 bits virtual
power management:

processor	: 2
vendor_id	: GenuineIntel
cpu family	: 6
model		: 30
model name	: Intel(R) Core(TM) i7 CPU       Q 720  @ 1.60GHz
stepping	: 5
microcode	: 0x4
cpu MHz		: 1600.000
cache size	: 6144 KB
physical id	: 0
siblings	: 8
core id		: 2
cpu cores	: 4
apicid		: 4
initial apicid	: 4
fpu		: yes
fpu_exception	: yes
cpuid level	: 11
wp		: yes
flags		: fpu vme de pse tsc msr pae mce cx8 apic sep mtrr pge mca cmov pat pse36 clflush dts acpi mmx fxsr sse sse2 ss ht tm pbe syscall nx rdtscp lm constant_tsc arch_perfmon pebs bts rep_good nopl xtopology nonstop_tsc aperfmperf pni dtes64 monitor ds_cpl vmx smx est tm2 ssse3 cx16 xtpr pdcm sse4_1 sse4_2 popcnt lahf_lm ida dtherm tpr_shadow vnmi flexpriority ept vpid
bogomips	: 3200.02
clflush size	: 64
cache_alignment	: 64
address sizes	: 36 bits physical, 48 bits virtual
power management:

processor	: 3
vendor_id	: GenuineIntel
cpu family	: 6
model		: 30
model name	: Intel(R) Core(TM) i7 CPU       Q 720  @ 1.60GHz
stepping	: 5
microcode	: 0x4
cpu MHz		: 1600.000
cache size	: 6144 KB
physical id	: 0
siblings	: 8
core id		: 3
cpu cores	: 4
apicid		: 6
initial apicid	: 6
fpu		: yes
fpu_exception	: yes
cpuid level	: 11
wp		: yes
flags		: fpu vme de pse tsc msr pae mce cx8 apic sep mtrr pge mca cmov pat pse36 clflush dts acpi mmx fxsr sse sse2 ss ht tm pbe syscall nx rdtscp lm constant_tsc arch_perfmon pebs bts rep_good nopl xtopology nonstop_tsc aperfmperf pni dtes64 monitor ds_cpl vmx smx est tm2 ssse3 cx16 xtpr pdcm sse4_1 sse4_2 popcnt lahf_lm ida dtherm tpr_shadow vnmi flexpriority ept vpid
bogomips	: 3200.02
clflush size	: 64
cache_alignment	: 64
address sizes	: 36 bits physical, 48 bits virtual
power management:

processor	: 4
vendor_id	: GenuineIntel
cpu family	: 6
model		: 30
model name	: Intel(R) Core(TM) i7 CPU       Q 720  @ 1.60GHz
stepping	: 5
microcode	: 0x4
cpu MHz		: 1600.000
cache size	: 6144 KB
physical id	: 0
siblings	: 8
core id		: 0
cpu cores	: 4
apicid		: 1
initial apicid	: 1
fpu		: yes
fpu_exception	: yes
cpuid level	: 11
wp		: yes
flags		: fpu vme de pse tsc msr pae mce cx8 apic sep mtrr pge mca cmov pat pse36 clflush dts acpi mmx fxsr sse sse2 ss ht tm pbe syscall nx rdtscp lm constant_tsc arch_perfmon pebs bts rep_good nopl xtopology nonstop_tsc aperfmperf pni dtes64 monitor ds_cpl vmx smx est tm2 ssse3 cx16 xtpr pdcm sse4_1 sse4_2 popcnt lahf_lm ida dtherm tpr_shadow vnmi flexpriority ept vpid
bogomips	: 3200.02
clflush size	: 64
cache_alignment	: 64
address sizes	: 36 bits physical, 48 bits virtual
power management:

processor	: 5
vendor_id	: GenuineIntel
cpu family	: 6
model		: 30
model name	: Intel(R) Core(TM) i7 CPU       Q 720  @ 1.60GHz
stepping	: 5
microcode	: 0x4
cpu MHz		: 1600.000
cache size	: 6144 KB
physical id	: 0
siblings	: 8
core id		: 1
cpu cores	: 4
apicid		: 3
initial apicid	: 3
fpu		: yes
fpu_exception	: yes
cpuid level	: 11
wp		: yes
flags		: fpu vme de pse tsc msr pae mce cx8 apic sep mtrr pge mca cmov pat pse36 clflush dts acpi mmx fxsr sse sse2 ss ht tm pbe syscall nx rdtscp lm constant_tsc arch_perfmon pebs bts rep_good nopl xtopology nonstop_tsc aperfmperf pni dtes64 monitor ds_cpl vmx smx est tm2 ssse3 cx16 xtpr pdcm sse4_1 sse4_2 popcnt lahf_lm ida dtherm tpr_shadow vnmi flexpriority ept vpid
bogomips	: 3200.02
clflush size	: 64
cache_alignment	: 64
address sizes	: 36 bits physical, 48 bits virtual
power management:

processor	: 6
vendor_id	: GenuineIntel
cpu family	: 6
model		: 30
model name	: Intel(R) Core(TM) i7 CPU       Q 720  @ 1.60GHz
stepping	: 5
microcode	: 0x4
cpu MHz		: 1600.000
cache size	: 6144 KB
physical id	: 0
siblings	: 8
core id		: 2
cpu cores	: 4
apicid		: 5
initial apicid	: 5
fpu		: yes
fpu_exception	: yes
cpuid level	: 11
wp		: yes
flags		: fpu vme de pse tsc msr pae mce cx8 apic sep mtrr pge mca cmov pat pse36 clflush dts acpi mmx fxsr sse sse2 ss ht tm pbe syscall nx rdtscp lm constant_tsc arch_perfmon pebs bts rep_good nopl xtopology nonstop_tsc aperfmperf pni dtes64 monitor ds_cpl vmx smx est tm2 ssse3 cx16 xtpr pdcm sse4_1 sse4_2 popcnt lahf_lm ida dtherm tpr_shadow vnmi flexpriority ept vpid
bogomips	: 3200.02
clflush size	: 64
cache_alignment	: 64
address sizes	: 36 bits physical, 48 bits virtual
power management:

processor	: 7
vendor_id	: GenuineIntel
cpu family	: 6
model		: 30
model name	: Intel(R) Core(TM) i7 CPU       Q 720  @ 1.60GHz
stepping	: 5
microcode	: 0x4
cpu MHz		: 1600.000
cache size	: 6144 KB
physical id	: 0
siblings	: 8
core id		: 3
cpu cores	: 4
apicid		: 7
initial apicid	: 7
fpu		: yes
fpu_exception	: yes
cpuid level	: 11
wp		: yes
flags		: fpu vme de pse tsc msr pae mce cx8 apic sep mtrr pge mca cmov pat pse36 clflush dts acpi mmx fxsr sse sse2 ss ht tm pbe syscall nx rdtscp lm constant_tsc arch_perfmon pebs bts rep_good nopl xtopology nonstop_tsc aperfmperf pni dtes64 monitor ds_cpl vmx smx est tm2 ssse3 cx16 xtpr pdcm sse4_1 sse4_2 popcnt lahf_lm ida dtherm tpr_shadow vnmi flexpriority ept vpid
bogomips	: 3200.02
clflush size	: 64
cache_alignment	: 64
address sizes	: 36 bits physical, 48 bits virtual
power management:



Memory: 4k page, physical 3979576k(2161908k free), swap 4118524k(4118524k free)

vm_info: Java HotSpot(TM) 64-Bit Server VM (25.20-b23) for linux-amd64 JRE (1.8.0_20-b26), built on Jul 30 2014 13:13:52 by "java_re" with gcc 4.3.0 20080428 (Red Hat 4.3.0-8)

time: Tue Sep 23 15:05:17 2014
elapsed time: 7 seconds (0d 0h 0m 7s)

